#
# There is insufficient memory for the Java Runtime Environment to continue.
# Native memory allocation (malloc) failed to allocate 32744 bytes for ChunkPool::allocate
# Possible reasons:
#   The system is out of physical RAM or swap space
#   The process is running with CompressedOops enabled, and the Java Heap may be blocking the growth of the native heap
# Possible solutions:
#   Reduce memory load on the system
#   Increase physical memory or swap space
#   Check if swap backing store is full
#   Decrease Java heap size (-Xmx/-Xms)
#   Decrease number of Java threads
#   Decrease Java thread stack sizes (-Xss)
#   Set larger code cache with -XX:ReservedCodeCacheSize=
#   JVM is running with Unscaled Compressed Oops mode in which the Java heap is
#     placed in the first 4GB address space. The Java Heap base address is the
#     maximum limit for the native heap growth. Please use -XX:HeapBaseMinAddress
#     to set the Java Heap base and to place the Java Heap above 4GB virtual address.
# This output file may be truncated or incomplete.
#
#  Out of Memory Error (./src/hotspot/share/memory/arena.cpp:81), pid=4400, tid=1160
#
# JRE version: OpenJDK Runtime Environment (11.0.10) (build 11.0.10+0-b96-7249189)
# Java VM: OpenJDK 64-Bit Server VM (11.0.10+0-b96-7249189, mixed mode, tiered, compressed oops, g1 gc, windows-amd64)
# No core dump will be written. Minidumps are not enabled by default on client versions of Windows
#

---------------  S U M M A R Y ------------

Command Line: --add-opens=java.base/java.util=ALL-UNNAMED --add-opens=java.base/java.lang=ALL-UNNAMED --add-opens=java.base/java.lang.invoke=ALL-UNNAMED --add-opens=java.base/java.util=ALL-UNNAMED --add-opens=java.prefs/java.util.prefs=ALL-UNNAMED --add-opens=java.prefs/java.util.prefs=ALL-UNNAMED --add-opens=java.base/java.nio.charset=ALL-UNNAMED --add-opens=java.base/java.net=ALL-UNNAMED --add-opens=java.base/java.util.concurrent.atomic=ALL-UNNAMED -Xmx2048m -Dfile.encoding=UTF-8 -Duser.country=US -Duser.language=en -Duser.variant org.gradle.launcher.daemon.bootstrap.GradleDaemon 7.0.2

Host: Intel(R) Core(TM) i5-8250U CPU @ 1.60GHz, 8 cores, 11G,  Windows 10 , 64 bit Build 19041 (10.0.19041.1348)
Time: Fri Jan 14 11:43:27 2022 SE Asia Standard Time elapsed time: 2476.935737 seconds (0d 0h 41m 16s)

---------------  T H R E A D  ---------------

Current thread (0x000002106a135000):  JavaThread "C2 CompilerThread0" daemon [_thread_in_native, id=1160, stack(0x00000069f9c00000,0x00000069f9d00000)]


Current CompileTask:
C2:2476935 26588       4       java.io.ObjectOutputStream::writeClassDesc (60 bytes)

Stack: [0x00000069f9c00000,0x00000069f9d00000]
Native frames: (J=compiled Java code, j=interpreted, Vv=VM code, C=native code)
V  [jvm.dll+0x5ecfaa]
V  [jvm.dll+0x722bd5]
V  [jvm.dll+0x72412d]
V  [jvm.dll+0x7247e3]
V  [jvm.dll+0x242928]
V  [jvm.dll+0xbc75b]
V  [jvm.dll+0xbca0c]
V  [jvm.dll+0x358676]
V  [jvm.dll+0x357ef1]
V  [jvm.dll+0x357f34]
V  [jvm.dll+0x351294]
V  [jvm.dll+0x198049]
V  [jvm.dll+0x1fb70e]
V  [jvm.dll+0x1fa7f4]
V  [jvm.dll+0x18354c]
V  [jvm.dll+0x208ee7]
V  [jvm.dll+0x207731]
V  [jvm.dll+0x6eb1cf]
V  [jvm.dll+0x6e3d45]
V  [jvm.dll+0x5ebe96]
C  [ucrtbase.dll+0x21bb2]
C  [KERNEL32.DLL+0x17034]
C  [ntdll.dll+0x52651]


---------------  P R O C E S S  ---------------

Threads class SMR info:
_java_thread_list=0x000002106c0fa0b0, length=44, elements={
0x000002104f3ee000, 0x000002106a0c2000, 0x000002106a0cd000, 0x000002106a131800,
0x000002106a132000, 0x000002106a134000, 0x000002106a135000, 0x000002106a136800,
0x000002106a141000, 0x000002106a2a4000, 0x000002106b7ee800, 0x000002106c3c4000,
0x000002106c03c000, 0x000002106b8dd000, 0x000002106b8dd800, 0x000002106b8de800,
0x000002106b8df800, 0x000002106b8e0000, 0x000002106d939000, 0x000002106d938000,
0x000002106d93f800, 0x000002106d93e800, 0x000002106d943800, 0x000002106f77a000,
0x000002106f77e000, 0x000002106f780000, 0x000002106f780800, 0x000002106f77b000,
0x000002106f77c000, 0x000002107194a000, 0x0000021071956800, 0x000002106d93a800,
0x000002106d946000, 0x000002106db77000, 0x000002106db74800, 0x0000021071948800,
0x000002107194b000, 0x0000021077988800, 0x0000021077983000, 0x000002106f789000,
0x000002106d93d800, 0x000002106d944000, 0x000002106d945000, 0x000002106d942800
}

Java Threads: ( => current thread )
  0x000002104f3ee000 JavaThread "main" [_thread_blocked, id=2636, stack(0x00000069f9000000,0x00000069f9100000)]
  0x000002106a0c2000 JavaThread "Reference Handler" daemon [_thread_blocked, id=18688, stack(0x00000069f9700000,0x00000069f9800000)]
  0x000002106a0cd000 JavaThread "Finalizer" daemon [_thread_blocked, id=84, stack(0x00000069f9800000,0x00000069f9900000)]
  0x000002106a131800 JavaThread "Signal Dispatcher" daemon [_thread_blocked, id=11196, stack(0x00000069f9900000,0x00000069f9a00000)]
  0x000002106a132000 JavaThread "Attach Listener" daemon [_thread_blocked, id=7176, stack(0x00000069f9a00000,0x00000069f9b00000)]
  0x000002106a134000 JavaThread "Service Thread" daemon [_thread_blocked, id=16660, stack(0x00000069f9b00000,0x00000069f9c00000)]
=>0x000002106a135000 JavaThread "C2 CompilerThread0" daemon [_thread_in_native, id=1160, stack(0x00000069f9c00000,0x00000069f9d00000)]
  0x000002106a136800 JavaThread "C1 CompilerThread0" daemon [_thread_blocked, id=8640, stack(0x00000069f9d00000,0x00000069f9e00000)]
  0x000002106a141000 JavaThread "Sweeper thread" daemon [_thread_blocked, id=3716, stack(0x00000069f9e00000,0x00000069f9f00000)]
  0x000002106a2a4000 JavaThread "Common-Cleaner" daemon [_thread_blocked, id=10156, stack(0x00000069f9f00000,0x00000069fa000000)]
  0x000002106b7ee800 JavaThread "Daemon health stats" [_thread_blocked, id=17480, stack(0x00000069fa500000,0x00000069fa600000)]
  0x000002106c3c4000 JavaThread "Incoming local TCP Connector on port 53835" [_thread_in_native, id=3556, stack(0x00000069fa400000,0x00000069fa500000)]
  0x000002106c03c000 JavaThread "Daemon periodic checks" [_thread_blocked, id=14212, stack(0x00000069fa600000,0x00000069fa700000)]
  0x000002106b8dd000 JavaThread "Cache worker for file hash cache (C:\Users\phamv\.gradle\caches\7.0.2\fileHashes)" [_thread_blocked, id=4268, stack(0x00000069fae00000,0x00000069faf00000)]
  0x000002106b8dd800 JavaThread "File lock request listener" [_thread_in_native, id=16000, stack(0x00000069faf00000,0x00000069fb000000)]
  0x000002106b8de800 JavaThread "Cache worker for journal cache (C:\Users\phamv\.gradle\caches\journal-1)" [_thread_blocked, id=8188, stack(0x00000069fb500000,0x00000069fb600000)]
  0x000002106b8df800 JavaThread "File watcher server" daemon [_thread_in_native, id=8336, stack(0x00000069fb800000,0x00000069fb900000)]
  0x000002106b8e0000 JavaThread "File watcher consumer" daemon [_thread_blocked, id=3876, stack(0x00000069fb900000,0x00000069fba00000)]
  0x000002106d939000 JavaThread "Cache worker for execution history cache (C:\Users\phamv\.gradle\caches\7.0.2\executionHistory)" [_thread_blocked, id=16880, stack(0x00000069fbd00000,0x00000069fbe00000)]
  0x000002106d938000 JavaThread "jar transforms" [_thread_blocked, id=11432, stack(0x00000069fbe00000,0x00000069fbf00000)]
  0x000002106d93f800 JavaThread "jar transforms Thread 2" [_thread_blocked, id=5628, stack(0x00000069fb700000,0x00000069fb800000)]
  0x000002106d93e800 JavaThread "Cache worker for file content cache (C:\Users\phamv\.gradle\caches\7.0.2\fileContent)" [_thread_blocked, id=11240, stack(0x00000069fc000000,0x00000069fc100000)]
  0x000002106d943800 JavaThread "jar transforms Thread 3" [_thread_blocked, id=9888, stack(0x00000069fc300000,0x00000069fc400000)]
  0x000002106f77a000 JavaThread "jar transforms Thread 4" [_thread_blocked, id=632, stack(0x00000069fbf00000,0x00000069fc000000)]
  0x000002106f77e000 JavaThread "jar transforms Thread 5" [_thread_blocked, id=3584, stack(0x00000069fc100000,0x00000069fc200000)]
  0x000002106f780000 JavaThread "jar transforms Thread 6" [_thread_blocked, id=15856, stack(0x00000069fcd00000,0x00000069fce00000)]
  0x000002106f780800 JavaThread "jar transforms Thread 7" [_thread_blocked, id=13556, stack(0x00000069fce00000,0x00000069fcf00000)]
  0x000002106f77b000 JavaThread "jar transforms Thread 8" [_thread_blocked, id=7684, stack(0x00000069fcf00000,0x00000069fd000000)]
  0x000002106f77c000 JavaThread "Memory manager" [_thread_blocked, id=18784, stack(0x00000069fd200000,0x00000069fd300000)]
  0x000002107194a000 JavaThread "Cache worker for Java compile cache (C:\Users\phamv\.gradle\caches\7.0.2\javaCompile)" [_thread_blocked, id=4696, stack(0x00000069f8f00000,0x00000069f9000000)]
  0x0000021071956800 JavaThread "ForkJoinPool.commonPool-worker-11" daemon [_thread_blocked, id=4256, stack(0x00000069fed00000,0x00000069fee00000)]
  0x000002106d93a800 JavaThread "ForkJoinPool.commonPool-worker-13" daemon [_thread_blocked, id=3904, stack(0x00000069fe500000,0x00000069fe600000)]
  0x000002106d946000 JavaThread "ForkJoinPool.commonPool-worker-15" daemon [_thread_blocked, id=17032, stack(0x00000069feb00000,0x00000069fec00000)]
  0x000002106db77000 JavaThread "ForkJoinPool.commonPool-worker-3" daemon [_thread_blocked, id=596, stack(0x00000069fee00000,0x00000069fef00000)]
  0x000002106db74800 JavaThread "ForkJoinPool.commonPool-worker-7" daemon [_thread_blocked, id=12780, stack(0x00000069ff000000,0x00000069ff100000)]
  0x0000021071948800 JavaThread "Daemon Thread 6" [_thread_blocked, id=10996, stack(0x00000069f8d00000,0x00000069f8e00000)]
  0x000002107194b000 JavaThread "Daemon worker Thread 6" [_thread_blocked, id=15800, stack(0x00000069fa800000,0x00000069fa900000)]
  0x0000021077988800 JavaThread "C2 CompilerThread1" daemon [_thread_in_native, id=19672, stack(0x00000069fcb00000,0x00000069fcc00000)]
  0x0000021077983000 JavaThread "C2 CompilerThread2" daemon [_thread_in_native, id=12136, stack(0x00000069fcc00000,0x00000069fcd00000)]
  0x000002106f789000 JavaThread "Exec process Thread 16" [_thread_blocked, id=20208, stack(0x00000069fe600000,0x00000069fe700000)]
  0x000002106d93d800 JavaThread "Exec process Thread 17" [_thread_blocked, id=17632, stack(0x00000069fe700000,0x00000069fe800000)]
  0x000002106d944000 JavaThread "Exec process Thread 18" [_thread_blocked, id=8284, stack(0x00000069fe800000,0x00000069fe900000)]
  0x000002106d945000 JavaThread "ForkJoinPool.commonPool-worker-9" daemon [_thread_blocked, id=10796, stack(0x00000069fe900000,0x00000069fea00000)]
  0x000002106d942800 JavaThread "ForkJoinPool.commonPool-worker-1" daemon [_thread_blocked, id=8572, stack(0x00000069fea00000,0x00000069feb00000)]

Other Threads:
  0x000002106a0c0800 VMThread "VM Thread" [stack: 0x00000069f9600000,0x00000069f9700000] [id=9404]
  0x000002106a2d7800 WatcherThread [stack: 0x00000069fa000000,0x00000069fa100000] [id=18112]
  0x000002104f408000 GCTaskThread "GC Thread#0" [stack: 0x00000069f9100000,0x00000069f9200000] [id=1076]
  0x000002106a74f800 GCTaskThread "GC Thread#1" [stack: 0x00000069fa100000,0x00000069fa200000] [id=9864]
  0x000002106a684800 GCTaskThread "GC Thread#2" [stack: 0x00000069fa200000,0x00000069fa300000] [id=10676]
  0x000002106af2e000 GCTaskThread "GC Thread#3" [stack: 0x00000069fa300000,0x00000069fa400000] [id=14700]
  0x000002106c5fb800 GCTaskThread "GC Thread#4" [stack: 0x00000069fb000000,0x00000069fb100000] [id=10056]
  0x000002106b6e8800 GCTaskThread "GC Thread#5" [stack: 0x00000069fb100000,0x00000069fb200000] [id=18828]
  0x000002106b07f000 GCTaskThread "GC Thread#6" [stack: 0x00000069fb200000,0x00000069fb300000] [id=7364]
  0x000002106cce2800 GCTaskThread "GC Thread#7" [stack: 0x00000069fb300000,0x00000069fb400000] [id=15932]
  0x000002104f439800 ConcurrentGCThread "G1 Main Marker" [stack: 0x00000069f9200000,0x00000069f9300000] [id=8904]
  0x000002104f43a800 ConcurrentGCThread "G1 Conc#0" [stack: 0x00000069f9300000,0x00000069f9400000] [id=2312]
  0x000002106afe1800 ConcurrentGCThread "G1 Conc#1" [stack: 0x00000069fb400000,0x00000069fb500000] [id=18892]
  0x000002104f4ce000 ConcurrentGCThread "G1 Refine#0" [stack: 0x00000069f9400000,0x00000069f9500000] [id=9668]
  0x000002106ccae000 ConcurrentGCThread "G1 Refine#1" [stack: 0x00000069fd100000,0x00000069fd200000] [id=15552]
  0x000002106970a800 ConcurrentGCThread "G1 Young RemSet Sampling" [stack: 0x00000069f9500000,0x00000069f9600000] [id=13256]

Threads with active compile tasks:
C2 CompilerThread02477960 26588       4       java.io.ObjectOutputStream::writeClassDesc (60 bytes)
C2 CompilerThread12477960 26501       4       com.android.tools.r8.dex.j::a (1038 bytes)
C2 CompilerThread22477960 26433 %     4       com.android.tools.r8.internal.U6::a @ 2560 (6044 bytes)

VM state:not at safepoint (normal execution)

VM Mutex/Monitor currently owned by a thread: None

Heap address: 0x0000000080000000, size: 2048 MB, Compressed Oops mode: 32-bit
Narrow klass base: 0x0000000000000000, Narrow klass shift: 3
Compressed class space size: 1073741824 Address: 0x0000000100000000

Heap:
 garbage-first heap   total 376832K, used 366893K [0x0000000080000000, 0x0000000100000000)
  region size 1024K, 88 young (90112K), 9 survivors (9216K)
 Metaspace       used 133859K, capacity 138151K, committed 138572K, reserved 1169408K
  class space    used 16615K, capacity 18054K, committed 18252K, reserved 1048576K
Heap Regions: E=young(eden), S=young(survivor), O=old, HS=humongous(starts), HC=humongous(continues), CS=collection set, F=free, A=archive, TAMS=top-at-mark-start (previous, next)
|   0|0x0000000080000000, 0x0000000080100000, 0x0000000080100000|100%| O|  |TAMS 0x0000000080100000, 0x0000000080000000| Untracked 
|   1|0x0000000080100000, 0x0000000080200000, 0x0000000080200000|100%| O|  |TAMS 0x0000000080200000, 0x0000000080100000| Untracked 
|   2|0x0000000080200000, 0x0000000080300000, 0x0000000080300000|100%| O|  |TAMS 0x0000000080300000, 0x0000000080200000| Untracked 
|   3|0x0000000080300000, 0x0000000080400000, 0x0000000080400000|100%|HS|  |TAMS 0x0000000080400000, 0x0000000080300000| Complete 
|   4|0x0000000080400000, 0x0000000080500000, 0x0000000080500000|100%|HC|  |TAMS 0x0000000080500000, 0x0000000080400000| Complete 
|   5|0x0000000080500000, 0x0000000080600000, 0x0000000080600000|100%|HC|  |TAMS 0x0000000080600000, 0x0000000080500000| Complete 
|   6|0x0000000080600000, 0x0000000080700000, 0x0000000080700000|100%| O|  |TAMS 0x0000000080700000, 0x0000000080600000| Untracked 
|   7|0x0000000080700000, 0x0000000080800000, 0x0000000080800000|100%| O|  |TAMS 0x0000000080800000, 0x0000000080700000| Untracked 
|   8|0x0000000080800000, 0x0000000080900000, 0x0000000080900000|100%| O|  |TAMS 0x0000000080900000, 0x0000000080800000| Untracked 
|   9|0x0000000080900000, 0x0000000080a00000, 0x0000000080a00000|100%| O|  |TAMS 0x0000000080a00000, 0x0000000080900000| Untracked 
|  10|0x0000000080a00000, 0x0000000080b00000, 0x0000000080b00000|100%| O|  |TAMS 0x0000000080b00000, 0x0000000080a00000| Complete 
|  11|0x0000000080b00000, 0x0000000080c00000, 0x0000000080c00000|100%| O|  |TAMS 0x0000000080c00000, 0x0000000080b00000| Complete 
|  12|0x0000000080c00000, 0x0000000080d00000, 0x0000000080d00000|100%| O|  |TAMS 0x0000000080d00000, 0x0000000080c00000| Untracked 
|  13|0x0000000080d00000, 0x0000000080e00000, 0x0000000080e00000|100%| O|  |TAMS 0x0000000080e00000, 0x0000000080d00000| Untracked 
|  14|0x0000000080e00000, 0x0000000080f00000, 0x0000000080f00000|100%| O|  |TAMS 0x0000000080f00000, 0x0000000080e00000| Untracked 
|  15|0x0000000080f00000, 0x0000000081000000, 0x0000000081000000|100%| O|  |TAMS 0x0000000081000000, 0x0000000080f00000| Untracked 
|  16|0x0000000081000000, 0x0000000081100000, 0x0000000081100000|100%|HS|  |TAMS 0x0000000081100000, 0x0000000081000000| Complete 
|  17|0x0000000081100000, 0x0000000081200000, 0x0000000081200000|100%|HS|  |TAMS 0x0000000081200000, 0x0000000081100000| Complete 
|  18|0x0000000081200000, 0x0000000081300000, 0x0000000081300000|100%|HS|  |TAMS 0x0000000081300000, 0x0000000081200000| Complete 
|  19|0x0000000081300000, 0x0000000081400000, 0x0000000081400000|100%|HC|  |TAMS 0x0000000081400000, 0x0000000081300000| Complete 
|  20|0x0000000081400000, 0x0000000081500000, 0x0000000081500000|100%| O|  |TAMS 0x0000000081500000, 0x0000000081400000| Untracked 
|  21|0x0000000081500000, 0x0000000081600000, 0x0000000081600000|100%| O|  |TAMS 0x0000000081600000, 0x0000000081500000| Complete 
|  22|0x0000000081600000, 0x0000000081700000, 0x0000000081700000|100%| O|  |TAMS 0x0000000081700000, 0x0000000081600000| Complete 
|  23|0x0000000081700000, 0x0000000081800000, 0x0000000081800000|100%| O|  |TAMS 0x0000000081800000, 0x0000000081700000| Complete 
|  24|0x0000000081800000, 0x0000000081900000, 0x0000000081900000|100%| O|  |TAMS 0x0000000081900000, 0x0000000081800000| Complete 
|  25|0x0000000081900000, 0x0000000081a00000, 0x0000000081a00000|100%| O|  |TAMS 0x0000000081a00000, 0x0000000081900000| Untracked 
|  26|0x0000000081a00000, 0x0000000081b00000, 0x0000000081b00000|100%| O|  |TAMS 0x0000000081b00000, 0x0000000081a00000| Untracked 
|  27|0x0000000081b00000, 0x0000000081c00000, 0x0000000081c00000|100%| O|  |TAMS 0x0000000081c00000, 0x0000000081b00000| Untracked 
|  28|0x0000000081c00000, 0x0000000081d00000, 0x0000000081d00000|100%| O|  |TAMS 0x0000000081d00000, 0x0000000081c00000| Untracked 
|  29|0x0000000081d00000, 0x0000000081e00000, 0x0000000081e00000|100%| O|  |TAMS 0x0000000081e00000, 0x0000000081d00000| Untracked 
|  30|0x0000000081e00000, 0x0000000081f00000, 0x0000000081f00000|100%| O|  |TAMS 0x0000000081f00000, 0x0000000081e00000| Complete 
|  31|0x0000000081f00000, 0x0000000082000000, 0x0000000082000000|100%| O|  |TAMS 0x0000000082000000, 0x0000000081f00000| Untracked 
|  32|0x0000000082000000, 0x0000000082100000, 0x0000000082100000|100%| O|  |TAMS 0x0000000082100000, 0x0000000082000000| Complete 
|  33|0x0000000082100000, 0x0000000082200000, 0x0000000082200000|100%| O|  |TAMS 0x0000000082200000, 0x0000000082100000| Complete 
|  34|0x0000000082200000, 0x0000000082300000, 0x0000000082300000|100%| O|  |TAMS 0x0000000082300000, 0x0000000082200000| Complete 
|  35|0x0000000082300000, 0x0000000082400000, 0x0000000082400000|100%| O|  |TAMS 0x0000000082400000, 0x0000000082300000| Complete 
|  36|0x0000000082400000, 0x0000000082500000, 0x0000000082500000|100%| O|  |TAMS 0x0000000082500000, 0x0000000082400000| Complete 
|  37|0x0000000082500000, 0x0000000082600000, 0x0000000082600000|100%| O|  |TAMS 0x0000000082600000, 0x0000000082500000| Untracked 
|  38|0x0000000082600000, 0x0000000082700000, 0x0000000082700000|100%| O|  |TAMS 0x0000000082700000, 0x0000000082600000| Untracked 
|  39|0x0000000082700000, 0x0000000082800000, 0x0000000082800000|100%| O|  |TAMS 0x0000000082800000, 0x0000000082700000| Untracked 
|  40|0x0000000082800000, 0x0000000082900000, 0x0000000082900000|100%| O|  |TAMS 0x0000000082900000, 0x0000000082800000| Complete 
|  41|0x0000000082900000, 0x0000000082a00000, 0x0000000082a00000|100%| O|  |TAMS 0x0000000082a00000, 0x0000000082900000| Complete 
|  42|0x0000000082a00000, 0x0000000082b00000, 0x0000000082b00000|100%| O|  |TAMS 0x0000000082b00000, 0x0000000082a00000| Complete 
|  43|0x0000000082b00000, 0x0000000082c00000, 0x0000000082c00000|100%| O|  |TAMS 0x0000000082c00000, 0x0000000082b00000| Complete 
|  44|0x0000000082c00000, 0x0000000082d00000, 0x0000000082d00000|100%| O|  |TAMS 0x0000000082d00000, 0x0000000082c00000| Complete 
|  45|0x0000000082d00000, 0x0000000082e00000, 0x0000000082e00000|100%| O|  |TAMS 0x0000000082e00000, 0x0000000082d00000| Complete 
|  46|0x0000000082e00000, 0x0000000082f00000, 0x0000000082f00000|100%| O|  |TAMS 0x0000000082f00000, 0x0000000082e00000| Complete 
|  47|0x0000000082f00000, 0x0000000082fbfa00, 0x0000000083000000| 74%| O|  |TAMS 0x0000000082fbfa00, 0x0000000082f00000| Untracked 
|  48|0x0000000083000000, 0x0000000083100000, 0x0000000083100000|100%| O|  |TAMS 0x0000000083100000, 0x0000000083000000| Complete 
|  49|0x0000000083100000, 0x0000000083200000, 0x0000000083200000|100%| O|  |TAMS 0x0000000083200000, 0x0000000083100000| Complete 
|  50|0x0000000083200000, 0x0000000083300000, 0x0000000083300000|100%| O|  |TAMS 0x0000000083300000, 0x0000000083200000| Complete 
|  51|0x0000000083300000, 0x0000000083400000, 0x0000000083400000|100%| O|  |TAMS 0x0000000083400000, 0x0000000083300000| Complete 
|  52|0x0000000083400000, 0x0000000083500000, 0x0000000083500000|100%| O|  |TAMS 0x0000000083500000, 0x0000000083400000| Complete 
|  53|0x0000000083500000, 0x0000000083600000, 0x0000000083600000|100%| O|  |TAMS 0x0000000083600000, 0x0000000083500000| Complete 
|  54|0x0000000083600000, 0x0000000083700000, 0x0000000083700000|100%| O|  |TAMS 0x0000000083700000, 0x0000000083600000| Complete 
|  55|0x0000000083700000, 0x0000000083800000, 0x0000000083800000|100%| O|  |TAMS 0x0000000083800000, 0x0000000083700000| Complete 
|  56|0x0000000083800000, 0x0000000083900000, 0x0000000083900000|100%| O|  |TAMS 0x0000000083900000, 0x0000000083800000| Complete 
|  57|0x0000000083900000, 0x0000000083a00000, 0x0000000083a00000|100%| O|  |TAMS 0x0000000083a00000, 0x0000000083900000| Complete 
|  58|0x0000000083a00000, 0x0000000083b00000, 0x0000000083b00000|100%| O|  |TAMS 0x0000000083b00000, 0x0000000083a00000| Complete 
|  59|0x0000000083b00000, 0x0000000083c00000, 0x0000000083c00000|100%| O|  |TAMS 0x0000000083c00000, 0x0000000083b00000| Complete 
|  60|0x0000000083c00000, 0x0000000083d00000, 0x0000000083d00000|100%| O|  |TAMS 0x0000000083d00000, 0x0000000083c00000| Complete 
|  61|0x0000000083d00000, 0x0000000083e00000, 0x0000000083e00000|100%| O|  |TAMS 0x0000000083e00000, 0x0000000083d00000| Complete 
|  62|0x0000000083e00000, 0x0000000083f00000, 0x0000000083f00000|100%| O|  |TAMS 0x0000000083f00000, 0x0000000083e00000| Complete 
|  63|0x0000000083f00000, 0x0000000084000000, 0x0000000084000000|100%| O|  |TAMS 0x0000000084000000, 0x0000000083f00000| Complete 
|  64|0x0000000084000000, 0x0000000084100000, 0x0000000084100000|100%|HS|  |TAMS 0x0000000084000000, 0x0000000084000000| Complete 
|  65|0x0000000084100000, 0x0000000084200000, 0x0000000084200000|100%|HC|  |TAMS 0x0000000084100000, 0x0000000084100000| Complete 
|  66|0x0000000084200000, 0x0000000084300000, 0x0000000084300000|100%|HS|  |TAMS 0x0000000084200000, 0x0000000084200000| Complete 
|  67|0x0000000084300000, 0x0000000084400000, 0x0000000084400000|100%|HC|  |TAMS 0x0000000084300000, 0x0000000084300000| Complete 
|  68|0x0000000084400000, 0x0000000084500000, 0x0000000084500000|100%| O|  |TAMS 0x0000000084500000, 0x0000000084400000| Complete 
|  69|0x0000000084500000, 0x0000000084500000, 0x0000000084600000|  0%| F|  |TAMS 0x0000000084500000, 0x0000000084500000| Untracked 
|  70|0x0000000084600000, 0x0000000084700000, 0x0000000084700000|100%| O|  |TAMS 0x0000000084700000, 0x0000000084600000| Complete 
|  71|0x0000000084700000, 0x0000000084800000, 0x0000000084800000|100%|HS|  |TAMS 0x0000000084700000, 0x0000000084700000| Complete 
|  72|0x0000000084800000, 0x0000000084900000, 0x0000000084900000|100%|HC|  |TAMS 0x0000000084800000, 0x0000000084800000| Complete 
|  73|0x0000000084900000, 0x0000000084a00000, 0x0000000084a00000|100%| O|  |TAMS 0x0000000084a00000, 0x0000000084900000| Complete 
|  74|0x0000000084a00000, 0x0000000084b00000, 0x0000000084b00000|100%| O|  |TAMS 0x0000000084b00000, 0x0000000084a00000| Complete 
|  75|0x0000000084b00000, 0x0000000084b00000, 0x0000000084c00000|  0%| F|  |TAMS 0x0000000084b00000, 0x0000000084b00000| Untracked 
|  76|0x0000000084c00000, 0x0000000084d00000, 0x0000000084d00000|100%| O|  |TAMS 0x0000000084d00000, 0x0000000084c00000| Complete 
|  77|0x0000000084d00000, 0x0000000084e00000, 0x0000000084e00000|100%| O|  |TAMS 0x0000000084e00000, 0x0000000084d00000| Complete 
|  78|0x0000000084e00000, 0x0000000084f00000, 0x0000000084f00000|100%| O|  |TAMS 0x0000000084f00000, 0x0000000084e00000| Complete 
|  79|0x0000000084f00000, 0x0000000084f00000, 0x0000000085000000|  0%| F|  |TAMS 0x0000000084f00000, 0x0000000084f00000| Untracked 
|  80|0x0000000085000000, 0x0000000085100000, 0x0000000085100000|100%| O|  |TAMS 0x0000000085100000, 0x0000000085000000| Complete 
|  81|0x0000000085100000, 0x0000000085200000, 0x0000000085200000|100%| O|  |TAMS 0x0000000085200000, 0x0000000085100000| Complete 
|  82|0x0000000085200000, 0x0000000085200000, 0x0000000085300000|  0%| F|  |TAMS 0x0000000085200000, 0x0000000085200000| Untracked 
|  83|0x0000000085300000, 0x0000000085400000, 0x0000000085400000|100%| O|  |TAMS 0x0000000085400000, 0x0000000085300000| Complete 
|  84|0x0000000085400000, 0x0000000085500000, 0x0000000085500000|100%| O|  |TAMS 0x0000000085500000, 0x0000000085400000| Complete 
|  85|0x0000000085500000, 0x0000000085600000, 0x0000000085600000|100%| O|  |TAMS 0x0000000085600000, 0x0000000085500000| Complete 
|  86|0x0000000085600000, 0x0000000085700000, 0x0000000085700000|100%| O|  |TAMS 0x0000000085700000, 0x0000000085600000| Untracked 
|  87|0x0000000085700000, 0x0000000085800000, 0x0000000085800000|100%| O|  |TAMS 0x0000000085800000, 0x0000000085700000| Complete 
|  88|0x0000000085800000, 0x0000000085900000, 0x0000000085900000|100%| O|  |TAMS 0x0000000085900000, 0x0000000085800000| Complete 
|  89|0x0000000085900000, 0x0000000085a00000, 0x0000000085a00000|100%| O|  |TAMS 0x0000000085a00000, 0x0000000085900000| Complete 
|  90|0x0000000085a00000, 0x0000000085b00000, 0x0000000085b00000|100%| O|  |TAMS 0x0000000085b00000, 0x0000000085a00000| Complete 
|  91|0x0000000085b00000, 0x0000000085c00000, 0x0000000085c00000|100%| O|  |TAMS 0x0000000085c00000, 0x0000000085b00000| Complete 
|  92|0x0000000085c00000, 0x0000000085c00000, 0x0000000085d00000|  0%| F|  |TAMS 0x0000000085c00000, 0x0000000085c00000| Untracked 
|  93|0x0000000085d00000, 0x0000000085e00000, 0x0000000085e00000|100%| O|  |TAMS 0x0000000085e00000, 0x0000000085d00000| Complete 
|  94|0x0000000085e00000, 0x0000000085f00000, 0x0000000085f00000|100%| O|  |TAMS 0x0000000085f00000, 0x0000000085e00000| Complete 
|  95|0x0000000085f00000, 0x0000000086000000, 0x0000000086000000|100%| O|  |TAMS 0x0000000086000000, 0x0000000085f00000| Complete 
|  96|0x0000000086000000, 0x0000000086100000, 0x0000000086100000|100%| O|  |TAMS 0x0000000086100000, 0x0000000086000000| Complete 
|  97|0x0000000086100000, 0x0000000086200000, 0x0000000086200000|100%| O|  |TAMS 0x0000000086200000, 0x0000000086100000| Untracked 
|  98|0x0000000086200000, 0x0000000086300000, 0x0000000086300000|100%|HS|  |TAMS 0x0000000086200000, 0x0000000086200000| Complete 
|  99|0x0000000086300000, 0x0000000086400000, 0x0000000086400000|100%|HC|  |TAMS 0x0000000086300000, 0x0000000086300000| Complete 
| 100|0x0000000086400000, 0x0000000086400000, 0x0000000086500000|  0%| F|  |TAMS 0x0000000086400000, 0x0000000086400000| Untracked 
| 101|0x0000000086500000, 0x0000000086600000, 0x0000000086600000|100%| O|  |TAMS 0x0000000086600000, 0x0000000086500000| Complete 
| 102|0x0000000086600000, 0x0000000086600000, 0x0000000086700000|  0%| F|  |TAMS 0x0000000086600000, 0x0000000086600000| Untracked 
| 103|0x0000000086700000, 0x0000000086800000, 0x0000000086800000|100%| O|  |TAMS 0x0000000086800000, 0x0000000086700000| Complete 
| 104|0x0000000086800000, 0x00000000868530c0, 0x0000000086900000| 32%| E|  |TAMS 0x0000000086800000, 0x0000000086800000| Complete 
| 105|0x0000000086900000, 0x0000000086a00000, 0x0000000086a00000|100%|HS|  |TAMS 0x0000000086a00000, 0x0000000086900000| Complete 
| 106|0x0000000086a00000, 0x0000000086b00000, 0x0000000086b00000|100%|HC|  |TAMS 0x0000000086b00000, 0x0000000086a00000| Complete 
| 107|0x0000000086b00000, 0x0000000086c00000, 0x0000000086c00000|100%|HC|  |TAMS 0x0000000086c00000, 0x0000000086b00000| Complete 
| 108|0x0000000086c00000, 0x0000000086d00000, 0x0000000086d00000|100%| O|  |TAMS 0x0000000086d00000, 0x0000000086c00000| Complete 
| 109|0x0000000086d00000, 0x0000000086e00000, 0x0000000086e00000|100%|HS|  |TAMS 0x0000000086d00000, 0x0000000086d00000| Complete 
| 110|0x0000000086e00000, 0x0000000086f00000, 0x0000000086f00000|100%|HC|  |TAMS 0x0000000086e00000, 0x0000000086e00000| Complete 
| 111|0x0000000086f00000, 0x0000000087000000, 0x0000000087000000|100%| O|  |TAMS 0x0000000087000000, 0x0000000086f00000| Untracked 
| 112|0x0000000087000000, 0x0000000087100000, 0x0000000087100000|100%| O|  |TAMS 0x0000000087100000, 0x0000000087000000| Complete 
| 113|0x0000000087100000, 0x0000000087200000, 0x0000000087200000|100%|HS|  |TAMS 0x0000000087200000, 0x0000000087100000| Complete 
| 114|0x0000000087200000, 0x0000000087300000, 0x0000000087300000|100%|HC|  |TAMS 0x0000000087300000, 0x0000000087200000| Complete 
| 115|0x0000000087300000, 0x0000000087400000, 0x0000000087400000|100%|HS|  |TAMS 0x0000000087400000, 0x0000000087300000| Complete 
| 116|0x0000000087400000, 0x0000000087500000, 0x0000000087500000|100%|HC|  |TAMS 0x0000000087500000, 0x0000000087400000| Complete 
| 117|0x0000000087500000, 0x0000000087600000, 0x0000000087600000|100%|HC|  |TAMS 0x0000000087600000, 0x0000000087500000| Complete 
| 118|0x0000000087600000, 0x0000000087700000, 0x0000000087700000|100%|HS|  |TAMS 0x0000000087700000, 0x0000000087600000| Complete 
| 119|0x0000000087700000, 0x0000000087800000, 0x0000000087800000|100%|HC|  |TAMS 0x0000000087800000, 0x0000000087700000| Complete 
| 120|0x0000000087800000, 0x0000000087900000, 0x0000000087900000|100%|HC|  |TAMS 0x0000000087900000, 0x0000000087800000| Complete 
| 121|0x0000000087900000, 0x0000000087a00000, 0x0000000087a00000|100%|HC|  |TAMS 0x0000000087a00000, 0x0000000087900000| Complete 
| 122|0x0000000087a00000, 0x0000000087b00000, 0x0000000087b00000|100%|HC|  |TAMS 0x0000000087b00000, 0x0000000087a00000| Complete 
| 123|0x0000000087b00000, 0x0000000087c00000, 0x0000000087c00000|100%|HS|  |TAMS 0x0000000087c00000, 0x0000000087b00000| Complete 
| 124|0x0000000087c00000, 0x0000000087d00000, 0x0000000087d00000|100%|HC|  |TAMS 0x0000000087d00000, 0x0000000087c00000| Complete 
| 125|0x0000000087d00000, 0x0000000087e00000, 0x0000000087e00000|100%|HC|  |TAMS 0x0000000087e00000, 0x0000000087d00000| Complete 
| 126|0x0000000087e00000, 0x0000000087f00000, 0x0000000087f00000|100%|HC|  |TAMS 0x0000000087f00000, 0x0000000087e00000| Complete 
| 127|0x0000000087f00000, 0x0000000088000000, 0x0000000088000000|100%|HC|  |TAMS 0x0000000088000000, 0x0000000087f00000| Complete 
| 128|0x0000000088000000, 0x0000000088100000, 0x0000000088100000|100%| O|  |TAMS 0x0000000088100000, 0x0000000088000000| Untracked 
| 129|0x0000000088100000, 0x0000000088200000, 0x0000000088200000|100%|HS|  |TAMS 0x0000000088100000, 0x0000000088100000| Complete 
| 130|0x0000000088200000, 0x0000000088300000, 0x0000000088300000|100%|HC|  |TAMS 0x0000000088200000, 0x0000000088200000| Complete 
| 131|0x0000000088300000, 0x0000000088400000, 0x0000000088400000|100%| O|  |TAMS 0x0000000088400000, 0x0000000088300000| Complete 
| 132|0x0000000088400000, 0x0000000088500000, 0x0000000088500000|100%| O|  |TAMS 0x0000000088500000, 0x0000000088400000| Complete 
| 133|0x0000000088500000, 0x0000000088600000, 0x0000000088600000|100%| O|  |TAMS 0x0000000088600000, 0x0000000088500000| Complete 
| 134|0x0000000088600000, 0x0000000088700000, 0x0000000088700000|100%| O|  |TAMS 0x0000000088700000, 0x0000000088600000| Complete 
| 135|0x0000000088700000, 0x0000000088800000, 0x0000000088800000|100%| O|  |TAMS 0x0000000088800000, 0x0000000088700000| Complete 
| 136|0x0000000088800000, 0x0000000088900000, 0x0000000088900000|100%| O|  |TAMS 0x0000000088900000, 0x0000000088800000| Complete 
| 137|0x0000000088900000, 0x0000000088a00000, 0x0000000088a00000|100%| E|CS|TAMS 0x0000000088900000, 0x0000000088900000| Complete 
| 138|0x0000000088a00000, 0x0000000088b00000, 0x0000000088b00000|100%| O|  |TAMS 0x0000000088b00000, 0x0000000088a00000| Complete 
| 139|0x0000000088b00000, 0x0000000088c00000, 0x0000000088c00000|100%| O|  |TAMS 0x0000000088c00000, 0x0000000088b00000| Complete 
| 140|0x0000000088c00000, 0x0000000088d00000, 0x0000000088d00000|100%|HS|  |TAMS 0x0000000088c00000, 0x0000000088c00000| Complete 
| 141|0x0000000088d00000, 0x0000000088e00000, 0x0000000088e00000|100%|HC|  |TAMS 0x0000000088d00000, 0x0000000088d00000| Complete 
| 142|0x0000000088e00000, 0x0000000088f00000, 0x0000000088f00000|100%| O|  |TAMS 0x0000000088f00000, 0x0000000088e00000| Complete 
| 143|0x0000000088f00000, 0x0000000089000000, 0x0000000089000000|100%| O|  |TAMS 0x0000000089000000, 0x0000000088f00000| Complete 
| 144|0x0000000089000000, 0x0000000089100000, 0x0000000089100000|100%| O|  |TAMS 0x0000000089100000, 0x0000000089000000| Complete 
| 145|0x0000000089100000, 0x0000000089200000, 0x0000000089200000|100%| O|  |TAMS 0x0000000089200000, 0x0000000089100000| Complete 
| 146|0x0000000089200000, 0x0000000089300000, 0x0000000089300000|100%| O|  |TAMS 0x0000000089300000, 0x0000000089200000| Complete 
| 147|0x0000000089300000, 0x0000000089400000, 0x0000000089400000|100%| O|  |TAMS 0x0000000089400000, 0x0000000089300000| Complete 
| 148|0x0000000089400000, 0x0000000089500000, 0x0000000089500000|100%| O|  |TAMS 0x0000000089500000, 0x0000000089400000| Complete 
| 149|0x0000000089500000, 0x0000000089600000, 0x0000000089600000|100%| O|  |TAMS 0x0000000089600000, 0x0000000089500000| Complete 
| 150|0x0000000089600000, 0x0000000089700000, 0x0000000089700000|100%| O|  |TAMS 0x0000000089700000, 0x0000000089600000| Complete 
| 151|0x0000000089700000, 0x0000000089800000, 0x0000000089800000|100%| O|  |TAMS 0x0000000089800000, 0x0000000089700000| Complete 
| 152|0x0000000089800000, 0x0000000089900000, 0x0000000089900000|100%| O|  |TAMS 0x0000000089900000, 0x0000000089800000| Complete 
| 153|0x0000000089900000, 0x0000000089a00000, 0x0000000089a00000|100%| O|  |TAMS 0x0000000089a00000, 0x0000000089900000| Complete 
| 154|0x0000000089a00000, 0x0000000089b00000, 0x0000000089b00000|100%|HS|  |TAMS 0x0000000089a00000, 0x0000000089a00000| Complete 
| 155|0x0000000089b00000, 0x0000000089c00000, 0x0000000089c00000|100%|HC|  |TAMS 0x0000000089b00000, 0x0000000089b00000| Complete 
| 156|0x0000000089c00000, 0x0000000089d00000, 0x0000000089d00000|100%|HS|  |TAMS 0x0000000089c00000, 0x0000000089c00000| Complete 
| 157|0x0000000089d00000, 0x0000000089e00000, 0x0000000089e00000|100%|HC|  |TAMS 0x0000000089d00000, 0x0000000089d00000| Complete 
| 158|0x0000000089e00000, 0x0000000089f00000, 0x0000000089f00000|100%|HS|  |TAMS 0x0000000089e00000, 0x0000000089e00000| Complete 
| 159|0x0000000089f00000, 0x000000008a000000, 0x000000008a000000|100%|HC|  |TAMS 0x0000000089f00000, 0x0000000089f00000| Complete 
| 160|0x000000008a000000, 0x000000008a100000, 0x000000008a100000|100%|HS|  |TAMS 0x000000008a000000, 0x000000008a000000| Complete 
| 161|0x000000008a100000, 0x000000008a200000, 0x000000008a200000|100%|HC|  |TAMS 0x000000008a100000, 0x000000008a100000| Complete 
| 162|0x000000008a200000, 0x000000008a300000, 0x000000008a300000|100%|HS|  |TAMS 0x000000008a200000, 0x000000008a200000| Complete 
| 163|0x000000008a300000, 0x000000008a400000, 0x000000008a400000|100%|HC|  |TAMS 0x000000008a300000, 0x000000008a300000| Complete 
| 164|0x000000008a400000, 0x000000008a500000, 0x000000008a500000|100%|HS|  |TAMS 0x000000008a400000, 0x000000008a400000| Complete 
| 165|0x000000008a500000, 0x000000008a600000, 0x000000008a600000|100%|HC|  |TAMS 0x000000008a500000, 0x000000008a500000| Complete 
| 166|0x000000008a600000, 0x000000008a700000, 0x000000008a700000|100%|HS|  |TAMS 0x000000008a600000, 0x000000008a600000| Complete 
| 167|0x000000008a700000, 0x000000008a800000, 0x000000008a800000|100%|HC|  |TAMS 0x000000008a700000, 0x000000008a700000| Complete 
| 168|0x000000008a800000, 0x000000008a900000, 0x000000008a900000|100%|HS|  |TAMS 0x000000008a800000, 0x000000008a800000| Complete 
| 169|0x000000008a900000, 0x000000008aa00000, 0x000000008aa00000|100%|HC|  |TAMS 0x000000008a900000, 0x000000008a900000| Complete 
| 170|0x000000008aa00000, 0x000000008ab00000, 0x000000008ab00000|100%|HS|  |TAMS 0x000000008aa00000, 0x000000008aa00000| Complete 
| 171|0x000000008ab00000, 0x000000008ac00000, 0x000000008ac00000|100%|HC|  |TAMS 0x000000008ab00000, 0x000000008ab00000| Complete 
| 172|0x000000008ac00000, 0x000000008ad00000, 0x000000008ad00000|100%|HS|  |TAMS 0x000000008ac00000, 0x000000008ac00000| Complete 
| 173|0x000000008ad00000, 0x000000008ae00000, 0x000000008ae00000|100%|HC|  |TAMS 0x000000008ad00000, 0x000000008ad00000| Complete 
| 174|0x000000008ae00000, 0x000000008af00000, 0x000000008af00000|100%|HS|  |TAMS 0x000000008ae00000, 0x000000008ae00000| Complete 
| 175|0x000000008af00000, 0x000000008b000000, 0x000000008b000000|100%|HC|  |TAMS 0x000000008af00000, 0x000000008af00000| Complete 
| 176|0x000000008b000000, 0x000000008b100000, 0x000000008b100000|100%|HS|  |TAMS 0x000000008b000000, 0x000000008b000000| Complete 
| 177|0x000000008b100000, 0x000000008b200000, 0x000000008b200000|100%|HC|  |TAMS 0x000000008b100000, 0x000000008b100000| Complete 
| 178|0x000000008b200000, 0x000000008b300000, 0x000000008b300000|100%|HS|  |TAMS 0x000000008b200000, 0x000000008b200000| Complete 
| 179|0x000000008b300000, 0x000000008b400000, 0x000000008b400000|100%|HC|  |TAMS 0x000000008b300000, 0x000000008b300000| Complete 
| 180|0x000000008b400000, 0x000000008b500000, 0x000000008b500000|100%|HS|  |TAMS 0x000000008b400000, 0x000000008b400000| Complete 
| 181|0x000000008b500000, 0x000000008b600000, 0x000000008b600000|100%|HC|  |TAMS 0x000000008b500000, 0x000000008b500000| Complete 
| 182|0x000000008b600000, 0x000000008b700000, 0x000000008b700000|100%|HS|  |TAMS 0x000000008b600000, 0x000000008b600000| Complete 
| 183|0x000000008b700000, 0x000000008b800000, 0x000000008b800000|100%|HC|  |TAMS 0x000000008b700000, 0x000000008b700000| Complete 
| 184|0x000000008b800000, 0x000000008b900000, 0x000000008b900000|100%|HS|  |TAMS 0x000000008b800000, 0x000000008b800000| Complete 
| 185|0x000000008b900000, 0x000000008ba00000, 0x000000008ba00000|100%|HC|  |TAMS 0x000000008b900000, 0x000000008b900000| Complete 
| 186|0x000000008ba00000, 0x000000008bb00000, 0x000000008bb00000|100%|HS|  |TAMS 0x000000008ba00000, 0x000000008ba00000| Complete 
| 187|0x000000008bb00000, 0x000000008bc00000, 0x000000008bc00000|100%|HC|  |TAMS 0x000000008bb00000, 0x000000008bb00000| Complete 
| 188|0x000000008bc00000, 0x000000008bd00000, 0x000000008bd00000|100%|HS|  |TAMS 0x000000008bc00000, 0x000000008bc00000| Complete 
| 189|0x000000008bd00000, 0x000000008be00000, 0x000000008be00000|100%|HC|  |TAMS 0x000000008bd00000, 0x000000008bd00000| Complete 
| 190|0x000000008be00000, 0x000000008bf00000, 0x000000008bf00000|100%|HS|  |TAMS 0x000000008be00000, 0x000000008be00000| Complete 
| 191|0x000000008bf00000, 0x000000008c000000, 0x000000008c000000|100%|HC|  |TAMS 0x000000008bf00000, 0x000000008bf00000| Complete 
| 192|0x000000008c000000, 0x000000008c100000, 0x000000008c100000|100%|HS|  |TAMS 0x000000008c000000, 0x000000008c000000| Complete 
| 193|0x000000008c100000, 0x000000008c200000, 0x000000008c200000|100%|HC|  |TAMS 0x000000008c100000, 0x000000008c100000| Complete 
| 194|0x000000008c200000, 0x000000008c300000, 0x000000008c300000|100%|HS|  |TAMS 0x000000008c200000, 0x000000008c200000| Complete 
| 195|0x000000008c300000, 0x000000008c400000, 0x000000008c400000|100%|HC|  |TAMS 0x000000008c300000, 0x000000008c300000| Complete 
| 196|0x000000008c400000, 0x000000008c500000, 0x000000008c500000|100%|HS|  |TAMS 0x000000008c400000, 0x000000008c400000| Complete 
| 197|0x000000008c500000, 0x000000008c600000, 0x000000008c600000|100%|HC|  |TAMS 0x000000008c500000, 0x000000008c500000| Complete 
| 198|0x000000008c600000, 0x000000008c700000, 0x000000008c700000|100%|HS|  |TAMS 0x000000008c600000, 0x000000008c600000| Complete 
| 199|0x000000008c700000, 0x000000008c800000, 0x000000008c800000|100%|HC|  |TAMS 0x000000008c700000, 0x000000008c700000| Complete 
| 200|0x000000008c800000, 0x000000008c900000, 0x000000008c900000|100%|HS|  |TAMS 0x000000008c800000, 0x000000008c800000| Complete 
| 201|0x000000008c900000, 0x000000008ca00000, 0x000000008ca00000|100%|HC|  |TAMS 0x000000008c900000, 0x000000008c900000| Complete 
| 202|0x000000008ca00000, 0x000000008cb00000, 0x000000008cb00000|100%|HS|  |TAMS 0x000000008ca00000, 0x000000008ca00000| Complete 
| 203|0x000000008cb00000, 0x000000008cc00000, 0x000000008cc00000|100%|HC|  |TAMS 0x000000008cb00000, 0x000000008cb00000| Complete 
| 204|0x000000008cc00000, 0x000000008cd00000, 0x000000008cd00000|100%|HS|  |TAMS 0x000000008cc00000, 0x000000008cc00000| Complete 
| 205|0x000000008cd00000, 0x000000008ce00000, 0x000000008ce00000|100%|HC|  |TAMS 0x000000008cd00000, 0x000000008cd00000| Complete 
| 206|0x000000008ce00000, 0x000000008cf00000, 0x000000008cf00000|100%|HS|  |TAMS 0x000000008ce00000, 0x000000008ce00000| Complete 
| 207|0x000000008cf00000, 0x000000008d000000, 0x000000008d000000|100%|HC|  |TAMS 0x000000008cf00000, 0x000000008cf00000| Complete 
| 208|0x000000008d000000, 0x000000008d100000, 0x000000008d100000|100%|HS|  |TAMS 0x000000008d000000, 0x000000008d000000| Complete 
| 209|0x000000008d100000, 0x000000008d200000, 0x000000008d200000|100%|HC|  |TAMS 0x000000008d100000, 0x000000008d100000| Complete 
| 210|0x000000008d200000, 0x000000008d300000, 0x000000008d300000|100%|HS|  |TAMS 0x000000008d200000, 0x000000008d200000| Complete 
| 211|0x000000008d300000, 0x000000008d400000, 0x000000008d400000|100%|HC|  |TAMS 0x000000008d300000, 0x000000008d300000| Complete 
| 212|0x000000008d400000, 0x000000008d500000, 0x000000008d500000|100%|HS|  |TAMS 0x000000008d400000, 0x000000008d400000| Complete 
| 213|0x000000008d500000, 0x000000008d600000, 0x000000008d600000|100%|HC|  |TAMS 0x000000008d500000, 0x000000008d500000| Complete 
| 214|0x000000008d600000, 0x000000008d700000, 0x000000008d700000|100%|HS|  |TAMS 0x000000008d600000, 0x000000008d600000| Complete 
| 215|0x000000008d700000, 0x000000008d800000, 0x000000008d800000|100%|HC|  |TAMS 0x000000008d700000, 0x000000008d700000| Complete 
| 216|0x000000008d800000, 0x000000008d900000, 0x000000008d900000|100%|HS|  |TAMS 0x000000008d800000, 0x000000008d800000| Complete 
| 217|0x000000008d900000, 0x000000008da00000, 0x000000008da00000|100%|HC|  |TAMS 0x000000008d900000, 0x000000008d900000| Complete 
| 218|0x000000008da00000, 0x000000008db00000, 0x000000008db00000|100%|HS|  |TAMS 0x000000008da00000, 0x000000008da00000| Complete 
| 219|0x000000008db00000, 0x000000008dc00000, 0x000000008dc00000|100%|HC|  |TAMS 0x000000008db00000, 0x000000008db00000| Complete 
| 220|0x000000008dc00000, 0x000000008dd00000, 0x000000008dd00000|100%|HS|  |TAMS 0x000000008dc00000, 0x000000008dc00000| Complete 
| 221|0x000000008dd00000, 0x000000008de00000, 0x000000008de00000|100%|HC|  |TAMS 0x000000008dd00000, 0x000000008dd00000| Complete 
| 222|0x000000008de00000, 0x000000008df00000, 0x000000008df00000|100%|HS|  |TAMS 0x000000008de00000, 0x000000008de00000| Complete 
| 223|0x000000008df00000, 0x000000008e000000, 0x000000008e000000|100%|HC|  |TAMS 0x000000008df00000, 0x000000008df00000| Complete 
| 224|0x000000008e000000, 0x000000008e100000, 0x000000008e100000|100%|HS|  |TAMS 0x000000008e000000, 0x000000008e000000| Complete 
| 225|0x000000008e100000, 0x000000008e200000, 0x000000008e200000|100%|HC|  |TAMS 0x000000008e100000, 0x000000008e100000| Complete 
| 226|0x000000008e200000, 0x000000008e300000, 0x000000008e300000|100%|HS|  |TAMS 0x000000008e200000, 0x000000008e200000| Complete 
| 227|0x000000008e300000, 0x000000008e400000, 0x000000008e400000|100%|HC|  |TAMS 0x000000008e300000, 0x000000008e300000| Complete 
| 228|0x000000008e400000, 0x000000008e500000, 0x000000008e500000|100%|HS|  |TAMS 0x000000008e400000, 0x000000008e400000| Complete 
| 229|0x000000008e500000, 0x000000008e600000, 0x000000008e600000|100%|HC|  |TAMS 0x000000008e500000, 0x000000008e500000| Complete 
| 230|0x000000008e600000, 0x000000008e700000, 0x000000008e700000|100%|HS|  |TAMS 0x000000008e600000, 0x000000008e600000| Complete 
| 231|0x000000008e700000, 0x000000008e800000, 0x000000008e800000|100%|HC|  |TAMS 0x000000008e700000, 0x000000008e700000| Complete 
| 232|0x000000008e800000, 0x000000008e900000, 0x000000008e900000|100%|HS|  |TAMS 0x000000008e800000, 0x000000008e800000| Complete 
| 233|0x000000008e900000, 0x000000008ea00000, 0x000000008ea00000|100%|HC|  |TAMS 0x000000008e900000, 0x000000008e900000| Complete 
| 234|0x000000008ea00000, 0x000000008eb00000, 0x000000008eb00000|100%|HS|  |TAMS 0x000000008ea00000, 0x000000008ea00000| Complete 
| 235|0x000000008eb00000, 0x000000008ec00000, 0x000000008ec00000|100%|HC|  |TAMS 0x000000008eb00000, 0x000000008eb00000| Complete 
| 236|0x000000008ec00000, 0x000000008ed00000, 0x000000008ed00000|100%|HS|  |TAMS 0x000000008ec00000, 0x000000008ec00000| Complete 
| 237|0x000000008ed00000, 0x000000008ee00000, 0x000000008ee00000|100%|HC|  |TAMS 0x000000008ed00000, 0x000000008ed00000| Complete 
| 238|0x000000008ee00000, 0x000000008ef00000, 0x000000008ef00000|100%|HS|  |TAMS 0x000000008ee00000, 0x000000008ee00000| Complete 
| 239|0x000000008ef00000, 0x000000008f000000, 0x000000008f000000|100%|HC|  |TAMS 0x000000008ef00000, 0x000000008ef00000| Complete 
| 240|0x000000008f000000, 0x000000008f100000, 0x000000008f100000|100%|HS|  |TAMS 0x000000008f000000, 0x000000008f000000| Complete 
| 241|0x000000008f100000, 0x000000008f200000, 0x000000008f200000|100%|HC|  |TAMS 0x000000008f100000, 0x000000008f100000| Complete 
| 242|0x000000008f200000, 0x000000008f300000, 0x000000008f300000|100%|HS|  |TAMS 0x000000008f200000, 0x000000008f200000| Complete 
| 243|0x000000008f300000, 0x000000008f400000, 0x000000008f400000|100%|HC|  |TAMS 0x000000008f300000, 0x000000008f300000| Complete 
| 244|0x000000008f400000, 0x000000008f500000, 0x000000008f500000|100%|HS|  |TAMS 0x000000008f400000, 0x000000008f400000| Complete 
| 245|0x000000008f500000, 0x000000008f600000, 0x000000008f600000|100%|HC|  |TAMS 0x000000008f500000, 0x000000008f500000| Complete 
| 246|0x000000008f600000, 0x000000008f700000, 0x000000008f700000|100%|HS|  |TAMS 0x000000008f600000, 0x000000008f600000| Complete 
| 247|0x000000008f700000, 0x000000008f800000, 0x000000008f800000|100%|HC|  |TAMS 0x000000008f700000, 0x000000008f700000| Complete 
| 248|0x000000008f800000, 0x000000008f900000, 0x000000008f900000|100%|HS|  |TAMS 0x000000008f800000, 0x000000008f800000| Complete 
| 249|0x000000008f900000, 0x000000008fa00000, 0x000000008fa00000|100%|HC|  |TAMS 0x000000008f900000, 0x000000008f900000| Complete 
| 250|0x000000008fa00000, 0x000000008fb00000, 0x000000008fb00000|100%|HS|  |TAMS 0x000000008fa00000, 0x000000008fa00000| Complete 
| 251|0x000000008fb00000, 0x000000008fc00000, 0x000000008fc00000|100%|HC|  |TAMS 0x000000008fb00000, 0x000000008fb00000| Complete 
| 252|0x000000008fc00000, 0x000000008fd00000, 0x000000008fd00000|100%|HS|  |TAMS 0x000000008fc00000, 0x000000008fc00000| Complete 
| 253|0x000000008fd00000, 0x000000008fe00000, 0x000000008fe00000|100%|HC|  |TAMS 0x000000008fd00000, 0x000000008fd00000| Complete 
| 254|0x000000008fe00000, 0x000000008ff00000, 0x000000008ff00000|100%|HS|  |TAMS 0x000000008fe00000, 0x000000008fe00000| Complete 
| 255|0x000000008ff00000, 0x0000000090000000, 0x0000000090000000|100%|HC|  |TAMS 0x000000008ff00000, 0x000000008ff00000| Complete 
| 256|0x0000000090000000, 0x0000000090100000, 0x0000000090100000|100%|HS|  |TAMS 0x0000000090000000, 0x0000000090000000| Complete 
| 257|0x0000000090100000, 0x0000000090200000, 0x0000000090200000|100%|HC|  |TAMS 0x0000000090100000, 0x0000000090100000| Complete 
| 258|0x0000000090200000, 0x0000000090300000, 0x0000000090300000|100%|HS|  |TAMS 0x0000000090200000, 0x0000000090200000| Complete 
| 259|0x0000000090300000, 0x0000000090400000, 0x0000000090400000|100%|HC|  |TAMS 0x0000000090300000, 0x0000000090300000| Complete 
| 260|0x0000000090400000, 0x0000000090500000, 0x0000000090500000|100%|HS|  |TAMS 0x0000000090400000, 0x0000000090400000| Complete 
| 261|0x0000000090500000, 0x0000000090600000, 0x0000000090600000|100%|HC|  |TAMS 0x0000000090500000, 0x0000000090500000| Complete 
| 262|0x0000000090600000, 0x0000000090700000, 0x0000000090700000|100%|HS|  |TAMS 0x0000000090600000, 0x0000000090600000| Complete 
| 263|0x0000000090700000, 0x0000000090800000, 0x0000000090800000|100%|HC|  |TAMS 0x0000000090700000, 0x0000000090700000| Complete 
| 264|0x0000000090800000, 0x0000000090900000, 0x0000000090900000|100%|HS|  |TAMS 0x0000000090800000, 0x0000000090800000| Complete 
| 265|0x0000000090900000, 0x0000000090a00000, 0x0000000090a00000|100%|HC|  |TAMS 0x0000000090900000, 0x0000000090900000| Complete 
| 266|0x0000000090a00000, 0x0000000090b00000, 0x0000000090b00000|100%|HS|  |TAMS 0x0000000090a00000, 0x0000000090a00000| Complete 
| 267|0x0000000090b00000, 0x0000000090c00000, 0x0000000090c00000|100%|HC|  |TAMS 0x0000000090b00000, 0x0000000090b00000| Complete 
| 268|0x0000000090c00000, 0x0000000090d00000, 0x0000000090d00000|100%|HS|  |TAMS 0x0000000090c00000, 0x0000000090c00000| Complete 
| 269|0x0000000090d00000, 0x0000000090e00000, 0x0000000090e00000|100%|HC|  |TAMS 0x0000000090d00000, 0x0000000090d00000| Complete 
| 270|0x0000000090e00000, 0x0000000090f00000, 0x0000000090f00000|100%|HS|  |TAMS 0x0000000090e00000, 0x0000000090e00000| Complete 
| 271|0x0000000090f00000, 0x0000000091000000, 0x0000000091000000|100%|HC|  |TAMS 0x0000000090f00000, 0x0000000090f00000| Complete 
| 272|0x0000000091000000, 0x0000000091100000, 0x0000000091100000|100%|HS|  |TAMS 0x0000000091000000, 0x0000000091000000| Complete 
| 273|0x0000000091100000, 0x0000000091200000, 0x0000000091200000|100%|HC|  |TAMS 0x0000000091100000, 0x0000000091100000| Complete 
| 274|0x0000000091200000, 0x0000000091300000, 0x0000000091300000|100%|HS|  |TAMS 0x0000000091200000, 0x0000000091200000| Complete 
| 275|0x0000000091300000, 0x0000000091400000, 0x0000000091400000|100%|HC|  |TAMS 0x0000000091300000, 0x0000000091300000| Complete 
| 276|0x0000000091400000, 0x0000000091500000, 0x0000000091500000|100%|HS|  |TAMS 0x0000000091400000, 0x0000000091400000| Complete 
| 277|0x0000000091500000, 0x0000000091600000, 0x0000000091600000|100%|HC|  |TAMS 0x0000000091500000, 0x0000000091500000| Complete 
| 278|0x0000000091600000, 0x0000000091700000, 0x0000000091700000|100%|HS|  |TAMS 0x0000000091600000, 0x0000000091600000| Complete 
| 279|0x0000000091700000, 0x0000000091800000, 0x0000000091800000|100%|HC|  |TAMS 0x0000000091700000, 0x0000000091700000| Complete 
| 280|0x0000000091800000, 0x0000000091900000, 0x0000000091900000|100%|HS|  |TAMS 0x0000000091800000, 0x0000000091800000| Complete 
| 281|0x0000000091900000, 0x0000000091a00000, 0x0000000091a00000|100%|HC|  |TAMS 0x0000000091900000, 0x0000000091900000| Complete 
| 282|0x0000000091a00000, 0x0000000091b00000, 0x0000000091b00000|100%| E|CS|TAMS 0x0000000091a00000, 0x0000000091a00000| Complete 
| 283|0x0000000091b00000, 0x0000000091c00000, 0x0000000091c00000|100%| E|  |TAMS 0x0000000091b00000, 0x0000000091b00000| Complete 
| 284|0x0000000091c00000, 0x0000000091d00000, 0x0000000091d00000|100%| E|CS|TAMS 0x0000000091c00000, 0x0000000091c00000| Complete 
| 285|0x0000000091d00000, 0x0000000091d8bcc0, 0x0000000091e00000| 54%| S|CS|TAMS 0x0000000091d00000, 0x0000000091d00000| Complete 
| 286|0x0000000091e00000, 0x0000000091f00000, 0x0000000091f00000|100%| S|CS|TAMS 0x0000000091e00000, 0x0000000091e00000| Complete 
| 287|0x0000000091f00000, 0x0000000092000000, 0x0000000092000000|100%| S|CS|TAMS 0x0000000091f00000, 0x0000000091f00000| Complete 
| 288|0x0000000092000000, 0x0000000092100000, 0x0000000092100000|100%| S|CS|TAMS 0x0000000092000000, 0x0000000092000000| Complete 
| 289|0x0000000092100000, 0x0000000092200000, 0x0000000092200000|100%| S|CS|TAMS 0x0000000092100000, 0x0000000092100000| Complete 
| 290|0x0000000092200000, 0x0000000092300000, 0x0000000092300000|100%| S|CS|TAMS 0x0000000092200000, 0x0000000092200000| Complete 
| 291|0x0000000092300000, 0x0000000092400000, 0x0000000092400000|100%| S|CS|TAMS 0x0000000092300000, 0x0000000092300000| Complete 
| 292|0x0000000092400000, 0x0000000092500000, 0x0000000092500000|100%| S|CS|TAMS 0x0000000092400000, 0x0000000092400000| Complete 
| 293|0x0000000092500000, 0x0000000092600000, 0x0000000092600000|100%| S|CS|TAMS 0x0000000092500000, 0x0000000092500000| Complete 
| 294|0x0000000092600000, 0x0000000092700000, 0x0000000092700000|100%| E|CS|TAMS 0x0000000092600000, 0x0000000092600000| Complete 
| 295|0x0000000092700000, 0x0000000092800000, 0x0000000092800000|100%| E|CS|TAMS 0x0000000092700000, 0x0000000092700000| Complete 
| 296|0x0000000092800000, 0x0000000092900000, 0x0000000092900000|100%| E|CS|TAMS 0x0000000092800000, 0x0000000092800000| Complete 
| 297|0x0000000092900000, 0x0000000092a00000, 0x0000000092a00000|100%| E|CS|TAMS 0x0000000092900000, 0x0000000092900000| Complete 
| 298|0x0000000092a00000, 0x0000000092b00000, 0x0000000092b00000|100%| E|CS|TAMS 0x0000000092a00000, 0x0000000092a00000| Complete 
| 299|0x0000000092b00000, 0x0000000092c00000, 0x0000000092c00000|100%| E|CS|TAMS 0x0000000092b00000, 0x0000000092b00000| Complete 
| 300|0x0000000092c00000, 0x0000000092d00000, 0x0000000092d00000|100%| E|CS|TAMS 0x0000000092c00000, 0x0000000092c00000| Complete 
| 301|0x0000000092d00000, 0x0000000092e00000, 0x0000000092e00000|100%| E|CS|TAMS 0x0000000092d00000, 0x0000000092d00000| Complete 
| 302|0x0000000092e00000, 0x0000000092f00000, 0x0000000092f00000|100%| E|CS|TAMS 0x0000000092e00000, 0x0000000092e00000| Complete 
| 303|0x0000000092f00000, 0x0000000093000000, 0x0000000093000000|100%| E|CS|TAMS 0x0000000092f00000, 0x0000000092f00000| Complete 
| 304|0x0000000093000000, 0x0000000093100000, 0x0000000093100000|100%| E|CS|TAMS 0x0000000093000000, 0x0000000093000000| Complete 
| 305|0x0000000093100000, 0x0000000093200000, 0x0000000093200000|100%| E|CS|TAMS 0x0000000093100000, 0x0000000093100000| Complete 
| 306|0x0000000093200000, 0x0000000093300000, 0x0000000093300000|100%| E|CS|TAMS 0x0000000093200000, 0x0000000093200000| Complete 
| 307|0x0000000093300000, 0x0000000093400000, 0x0000000093400000|100%| E|CS|TAMS 0x0000000093300000, 0x0000000093300000| Complete 
| 308|0x0000000093400000, 0x0000000093500000, 0x0000000093500000|100%| E|CS|TAMS 0x0000000093400000, 0x0000000093400000| Complete 
| 309|0x0000000093500000, 0x0000000093600000, 0x0000000093600000|100%| E|CS|TAMS 0x0000000093500000, 0x0000000093500000| Complete 
| 310|0x0000000093600000, 0x0000000093700000, 0x0000000093700000|100%| E|CS|TAMS 0x0000000093600000, 0x0000000093600000| Complete 
| 311|0x0000000093700000, 0x0000000093800000, 0x0000000093800000|100%| E|CS|TAMS 0x0000000093700000, 0x0000000093700000| Complete 
| 312|0x0000000093800000, 0x0000000093900000, 0x0000000093900000|100%| E|CS|TAMS 0x0000000093800000, 0x0000000093800000| Complete 
| 313|0x0000000093900000, 0x0000000093a00000, 0x0000000093a00000|100%| E|CS|TAMS 0x0000000093900000, 0x0000000093900000| Complete 
| 314|0x0000000093a00000, 0x0000000093b00000, 0x0000000093b00000|100%| E|CS|TAMS 0x0000000093a00000, 0x0000000093a00000| Complete 
| 315|0x0000000093b00000, 0x0000000093c00000, 0x0000000093c00000|100%| E|CS|TAMS 0x0000000093b00000, 0x0000000093b00000| Complete 
| 316|0x0000000093c00000, 0x0000000093d00000, 0x0000000093d00000|100%| E|CS|TAMS 0x0000000093c00000, 0x0000000093c00000| Complete 
| 317|0x0000000093d00000, 0x0000000093e00000, 0x0000000093e00000|100%| E|CS|TAMS 0x0000000093d00000, 0x0000000093d00000| Complete 
| 318|0x0000000093e00000, 0x0000000093f00000, 0x0000000093f00000|100%| E|CS|TAMS 0x0000000093e00000, 0x0000000093e00000| Complete 
| 319|0x0000000093f00000, 0x0000000094000000, 0x0000000094000000|100%| E|CS|TAMS 0x0000000093f00000, 0x0000000093f00000| Complete 
| 320|0x0000000094000000, 0x0000000094100000, 0x0000000094100000|100%| E|CS|TAMS 0x0000000094000000, 0x0000000094000000| Complete 
| 321|0x0000000094100000, 0x0000000094200000, 0x0000000094200000|100%| E|CS|TAMS 0x0000000094100000, 0x0000000094100000| Complete 
| 322|0x0000000094200000, 0x0000000094300000, 0x0000000094300000|100%| E|CS|TAMS 0x0000000094200000, 0x0000000094200000| Complete 
| 323|0x0000000094300000, 0x0000000094400000, 0x0000000094400000|100%| E|CS|TAMS 0x0000000094300000, 0x0000000094300000| Complete 
| 324|0x0000000094400000, 0x0000000094500000, 0x0000000094500000|100%| E|CS|TAMS 0x0000000094400000, 0x0000000094400000| Complete 
| 325|0x0000000094500000, 0x0000000094600000, 0x0000000094600000|100%| E|CS|TAMS 0x0000000094500000, 0x0000000094500000| Complete 
| 326|0x0000000094600000, 0x0000000094700000, 0x0000000094700000|100%| E|CS|TAMS 0x0000000094600000, 0x0000000094600000| Complete 
| 327|0x0000000094700000, 0x0000000094800000, 0x0000000094800000|100%| E|CS|TAMS 0x0000000094700000, 0x0000000094700000| Complete 
| 328|0x0000000094800000, 0x0000000094900000, 0x0000000094900000|100%| E|CS|TAMS 0x0000000094800000, 0x0000000094800000| Complete 
| 329|0x0000000094900000, 0x0000000094a00000, 0x0000000094a00000|100%| E|CS|TAMS 0x0000000094900000, 0x0000000094900000| Complete 
| 330|0x0000000094a00000, 0x0000000094b00000, 0x0000000094b00000|100%| E|CS|TAMS 0x0000000094a00000, 0x0000000094a00000| Complete 
| 331|0x0000000094b00000, 0x0000000094c00000, 0x0000000094c00000|100%| E|CS|TAMS 0x0000000094b00000, 0x0000000094b00000| Complete 
| 332|0x0000000094c00000, 0x0000000094d00000, 0x0000000094d00000|100%| E|CS|TAMS 0x0000000094c00000, 0x0000000094c00000| Complete 
| 333|0x0000000094d00000, 0x0000000094e00000, 0x0000000094e00000|100%| E|CS|TAMS 0x0000000094d00000, 0x0000000094d00000| Complete 
| 334|0x0000000094e00000, 0x0000000094f00000, 0x0000000094f00000|100%| E|CS|TAMS 0x0000000094e00000, 0x0000000094e00000| Complete 
| 335|0x0000000094f00000, 0x0000000095000000, 0x0000000095000000|100%| E|CS|TAMS 0x0000000094f00000, 0x0000000094f00000| Complete 
| 336|0x0000000095000000, 0x0000000095100000, 0x0000000095100000|100%| E|CS|TAMS 0x0000000095000000, 0x0000000095000000| Complete 
| 337|0x0000000095100000, 0x0000000095200000, 0x0000000095200000|100%| E|CS|TAMS 0x0000000095100000, 0x0000000095100000| Complete 
| 338|0x0000000095200000, 0x0000000095300000, 0x0000000095300000|100%| E|CS|TAMS 0x0000000095200000, 0x0000000095200000| Complete 
| 339|0x0000000095300000, 0x0000000095400000, 0x0000000095400000|100%| E|CS|TAMS 0x0000000095300000, 0x0000000095300000| Complete 
| 340|0x0000000095400000, 0x0000000095500000, 0x0000000095500000|100%| E|CS|TAMS 0x0000000095400000, 0x0000000095400000| Complete 
| 341|0x0000000095500000, 0x0000000095600000, 0x0000000095600000|100%| E|CS|TAMS 0x0000000095500000, 0x0000000095500000| Complete 
| 342|0x0000000095600000, 0x0000000095700000, 0x0000000095700000|100%| E|CS|TAMS 0x0000000095600000, 0x0000000095600000| Complete 
| 343|0x0000000095700000, 0x0000000095800000, 0x0000000095800000|100%| E|CS|TAMS 0x0000000095700000, 0x0000000095700000| Complete 
| 344|0x0000000095800000, 0x0000000095900000, 0x0000000095900000|100%| E|CS|TAMS 0x0000000095800000, 0x0000000095800000| Complete 
| 345|0x0000000095900000, 0x0000000095a00000, 0x0000000095a00000|100%| E|CS|TAMS 0x0000000095900000, 0x0000000095900000| Complete 
| 346|0x0000000095a00000, 0x0000000095b00000, 0x0000000095b00000|100%| E|CS|TAMS 0x0000000095a00000, 0x0000000095a00000| Complete 
| 347|0x0000000095b00000, 0x0000000095c00000, 0x0000000095c00000|100%| E|CS|TAMS 0x0000000095b00000, 0x0000000095b00000| Complete 
| 348|0x0000000095c00000, 0x0000000095d00000, 0x0000000095d00000|100%| E|CS|TAMS 0x0000000095c00000, 0x0000000095c00000| Complete 
| 349|0x0000000095d00000, 0x0000000095e00000, 0x0000000095e00000|100%| E|CS|TAMS 0x0000000095d00000, 0x0000000095d00000| Complete 
| 350|0x0000000095e00000, 0x0000000095f00000, 0x0000000095f00000|100%| E|CS|TAMS 0x0000000095e00000, 0x0000000095e00000| Complete 
| 351|0x0000000095f00000, 0x0000000096000000, 0x0000000096000000|100%| E|CS|TAMS 0x0000000095f00000, 0x0000000095f00000| Complete 
| 352|0x0000000096000000, 0x0000000096100000, 0x0000000096100000|100%| E|CS|TAMS 0x0000000096000000, 0x0000000096000000| Complete 
| 353|0x0000000096100000, 0x0000000096200000, 0x0000000096200000|100%| E|CS|TAMS 0x0000000096100000, 0x0000000096100000| Complete 
| 354|0x0000000096200000, 0x0000000096300000, 0x0000000096300000|100%| E|CS|TAMS 0x0000000096200000, 0x0000000096200000| Complete 
| 355|0x0000000096300000, 0x0000000096400000, 0x0000000096400000|100%| E|CS|TAMS 0x0000000096300000, 0x0000000096300000| Complete 
| 356|0x0000000096400000, 0x0000000096500000, 0x0000000096500000|100%| E|CS|TAMS 0x0000000096400000, 0x0000000096400000| Complete 
| 357|0x0000000096500000, 0x0000000096600000, 0x0000000096600000|100%| E|CS|TAMS 0x0000000096500000, 0x0000000096500000| Complete 
| 358|0x0000000096600000, 0x0000000096700000, 0x0000000096700000|100%| E|CS|TAMS 0x0000000096600000, 0x0000000096600000| Complete 
| 359|0x0000000096700000, 0x0000000096800000, 0x0000000096800000|100%| E|CS|TAMS 0x0000000096700000, 0x0000000096700000| Complete 
| 360|0x0000000096800000, 0x0000000096900000, 0x0000000096900000|100%| E|CS|TAMS 0x0000000096800000, 0x0000000096800000| Complete 
| 361|0x0000000096900000, 0x0000000096a00000, 0x0000000096a00000|100%| E|CS|TAMS 0x0000000096900000, 0x0000000096900000| Complete 
| 362|0x0000000096a00000, 0x0000000096b00000, 0x0000000096b00000|100%| E|CS|TAMS 0x0000000096a00000, 0x0000000096a00000| Complete 
| 363|0x0000000096b00000, 0x0000000096c00000, 0x0000000096c00000|100%| E|CS|TAMS 0x0000000096b00000, 0x0000000096b00000| Complete 
| 364|0x0000000096c00000, 0x0000000096d00000, 0x0000000096d00000|100%| E|CS|TAMS 0x0000000096c00000, 0x0000000096c00000| Complete 
| 365|0x0000000096d00000, 0x0000000096e00000, 0x0000000096e00000|100%| E|CS|TAMS 0x0000000096d00000, 0x0000000096d00000| Complete 
| 366|0x0000000096e00000, 0x0000000096f00000, 0x0000000096f00000|100%| E|CS|TAMS 0x0000000096e00000, 0x0000000096e00000| Complete 
| 367|0x0000000096f00000, 0x0000000097000000, 0x0000000097000000|100%| E|CS|TAMS 0x0000000096f00000, 0x0000000096f00000| Complete 

Card table byte_map: [0x0000021062610000,0x0000021062a10000] _byte_map_base: 0x0000021062210000

Marking Bits (Prev, Next): (CMBitMap*) 0x000002104f430d68, (CMBitMap*) 0x000002104f430da0
 Prev Bits: [0x0000021062e10000, 0x0000021064e10000)
 Next Bits: [0x0000021064e10000, 0x0000021066e10000)

Polling page: 0x000002104d2f0000

Metaspace:

Usage:
  Non-class:    117.28 MB capacity,   114.50 MB ( 98%) used,     2.33 MB (  2%) free+waste,   467.69 KB ( <1%) overhead. 
      Class:     17.63 MB capacity,    16.23 MB ( 92%) used,     1.21 MB (  7%) free+waste,   203.69 KB (  1%) overhead. 
       Both:    134.91 MB capacity,   130.72 MB ( 97%) used,     3.54 MB (  3%) free+waste,   671.38 KB ( <1%) overhead. 

Virtual space:
  Non-class space:      118.00 MB reserved,     117.50 MB (>99%) committed 
      Class space:        1.00 GB reserved,      17.82 MB (  2%) committed 
             Both:        1.12 GB reserved,     135.32 MB ( 12%) committed 

Chunk freelists:
   Non-Class:  159.00 KB
       Class:  186.00 KB
        Both:  345.00 KB

MaxMetaspaceSize: 17179869184.00 GB
CompressedClassSpaceSize: 1.00 GB

CodeHeap 'non-profiled nmethods': size=120000Kb used=18973Kb max_used=18973Kb free=101026Kb
 bounds [0x000002105a9b0000, 0x000002105bc40000, 0x0000021061ee0000]
CodeHeap 'profiled nmethods': size=120000Kb used=54698Kb max_used=54698Kb free=65302Kb
 bounds [0x0000021053480000, 0x0000021056a10000, 0x000002105a9b0000]
CodeHeap 'non-nmethods': size=5760Kb used=2366Kb max_used=2437Kb free=3393Kb
 bounds [0x0000021052ee0000, 0x0000021053150000, 0x0000021053480000]
 total_blobs=24604 nmethods=23618 adapters=895
 compilation: enabled
              stopped_count=0, restarted_count=0
 full_count=0

Compilation events (20 events):
Event: 2476.273 Thread 0x000002106a136800 26598       3       sun.security.util.DerInputStream::getBytes (29 bytes)
Event: 2476.273 Thread 0x000002106a136800 nmethod 26598 0x0000021056a00390 code [0x0000021056a00560, 0x0000021056a00938]
Event: 2476.274 Thread 0x000002106a136800 26601       3       com.google.common.collect.Hashing::smearedHash (16 bytes)
Event: 2476.274 Thread 0x000002106a136800 nmethod 26601 0x0000021056a00a90 code [0x0000021056a00c60, 0x0000021056a00f48]
Event: 2476.290 Thread 0x000002106a136800 26602       1       com.google.common.collect.HashBiMap::access$100 (5 bytes)
Event: 2476.290 Thread 0x000002106a136800 nmethod 26602 0x000002105bc3ad90 code [0x000002105bc3af40, 0x000002105bc3afd8]
Event: 2476.373 Thread 0x000002106a136800 26603       3       com.android.apksig.internal.apk.ApkSigningBlockUtils::setUnsignedInt32LittleEndian (52 bytes)
Event: 2476.374 Thread 0x000002106a136800 nmethod 26603 0x0000021056a01090 code [0x0000021056a01240, 0x0000021056a013d8]
Event: 2476.388 Thread 0x000002106a136800 26604       3       com.android.apksig.internal.util.FileChannelDataSource::checkChunkValid (228 bytes)
Event: 2476.394 Thread 0x000002106a136800 nmethod 26604 0x0000021056a01510 code [0x0000021056a01b60, 0x0000021056a048e8]
Event: 2476.394 Thread 0x000002106a136800 26605       3       java.security.MessageDigest$Delegate::engineUpdate (9 bytes)
Event: 2476.395 Thread 0x000002106a136800 nmethod 26605 0x0000021056a05990 code [0x0000021056a05b40, 0x0000021056a05d08]
Event: 2476.395 Thread 0x000002106a136800 26606       3       java.security.MessageDigestSpi::engineUpdate (141 bytes)
Event: 2476.397 Thread 0x000002106a136800 nmethod 26606 0x0000021056a05e10 code [0x0000021056a060e0, 0x0000021056a070b8]
Event: 2476.536 Thread 0x000002106a136800 26607       3       jdk.internal.misc.Unsafe::weakCompareAndSetLong (11 bytes)
Event: 2476.537 Thread 0x000002106a136800 nmethod 26607 0x0000021054e30a10 code [0x0000021054e30bc0, 0x0000021054e30cd8]
Event: 2476.553 Thread 0x000002106a136800 26609       3       java.math.BigInteger::equals (91 bytes)
Event: 2476.554 Thread 0x000002106a136800 nmethod 26609 0x0000021056a07590 code [0x0000021056a07780, 0x0000021056a07cd8]
Event: 2476.556 Thread 0x000002106a136800 26610       3       java.util.logging.LogManager::checkPermission (16 bytes)
Event: 2476.557 Thread 0x000002106a136800 nmethod 26610 0x0000021056a07e90 code [0x0000021056a08060, 0x0000021056a08328]

GC Heap History (20 events):
Event: 2332.237 GC heap before
{Heap before GC invocations=65 (full 0):
 garbage-first heap   total 370688K, used 270167K [0x0000000080000000, 0x0000000100000000)
  region size 1024K, 131 young (134144K), 3 survivors (3072K)
 Metaspace       used 132109K, capacity 136622K, committed 136780K, reserved 1167360K
  class space    used 16702K, capacity 18219K, committed 18252K, reserved 1048576K
}
Event: 2332.263 GC heap after
{Heap after GC invocations=66 (full 0):
 garbage-first heap   total 370688K, used 145188K [0x0000000080000000, 0x0000000100000000)
  region size 1024K, 8 young (8192K), 8 survivors (8192K)
 Metaspace       used 132109K, capacity 136622K, committed 136780K, reserved 1167360K
  class space    used 16702K, capacity 18219K, committed 18252K, reserved 1048576K
}
Event: 2338.432 GC heap before
{Heap before GC invocations=67 (full 0):
 garbage-first heap   total 370688K, used 309028K [0x0000000080000000, 0x0000000100000000)
  region size 1024K, 152 young (155648K), 8 survivors (8192K)
 Metaspace       used 131839K, capacity 135955K, committed 136780K, reserved 1167360K
  class space    used 16575K, capacity 17991K, committed 18252K, reserved 1048576K
}
Event: 2338.457 GC heap after
{Heap after GC invocations=68 (full 0):
 garbage-first heap   total 370688K, used 151217K [0x0000000080000000, 0x0000000100000000)
  region size 1024K, 14 young (14336K), 14 survivors (14336K)
 Metaspace       used 131839K, capacity 135955K, committed 136780K, reserved 1167360K
  class space    used 16575K, capacity 17991K, committed 18252K, reserved 1048576K
}
Event: 2338.947 GC heap before
{Heap before GC invocations=68 (full 0):
 garbage-first heap   total 370688K, used 155313K [0x0000000080000000, 0x0000000100000000)
  region size 1024K, 18 young (18432K), 14 survivors (14336K)
 Metaspace       used 131858K, capacity 135955K, committed 136780K, reserved 1167360K
  class space    used 16575K, capacity 17991K, committed 18252K, reserved 1048576K
}
Event: 2338.982 GC heap after
{Heap after GC invocations=69 (full 0):
 garbage-first heap   total 370688K, used 140602K [0x0000000080000000, 0x0000000100000000)
  region size 1024K, 3 young (3072K), 3 survivors (3072K)
 Metaspace       used 131858K, capacity 135955K, committed 136780K, reserved 1167360K
  class space    used 16575K, capacity 17991K, committed 18252K, reserved 1048576K
}
Event: 2339.120 GC heap before
{Heap before GC invocations=69 (full 0):
 garbage-first heap   total 370688K, used 141626K [0x0000000080000000, 0x0000000100000000)
  region size 1024K, 5 young (5120K), 3 survivors (3072K)
 Metaspace       used 131880K, capacity 136020K, committed 136780K, reserved 1167360K
  class space    used 16575K, capacity 17991K, committed 18252K, reserved 1048576K
}
Event: 2339.139 GC heap after
{Heap after GC invocations=70 (full 0):
 garbage-first heap   total 370688K, used 139545K [0x0000000080000000, 0x0000000100000000)
  region size 1024K, 2 young (2048K), 2 survivors (2048K)
 Metaspace       used 131880K, capacity 136020K, committed 136780K, reserved 1167360K
  class space    used 16575K, capacity 17991K, committed 18252K, reserved 1048576K
}
Event: 2341.885 GC heap before
{Heap before GC invocations=71 (full 0):
 garbage-first heap   total 370688K, used 267545K [0x0000000080000000, 0x0000000100000000)
  region size 1024K, 124 young (126976K), 2 survivors (2048K)
 Metaspace       used 131484K, capacity 135478K, committed 136780K, reserved 1167360K
  class space    used 16474K, capacity 17896K, committed 18252K, reserved 1048576K
}
Event: 2341.900 GC heap after
{Heap after GC invocations=72 (full 0):
 garbage-first heap   total 370688K, used 146484K [0x0000000080000000, 0x0000000100000000)
  region size 1024K, 9 young (9216K), 9 survivors (9216K)
 Metaspace       used 131484K, capacity 135478K, committed 136780K, reserved 1167360K
  class space    used 16474K, capacity 17896K, committed 18252K, reserved 1048576K
}
Event: 2342.000 GC heap before
{Heap before GC invocations=72 (full 0):
 garbage-first heap   total 370688K, used 155700K [0x0000000080000000, 0x0000000100000000)
  region size 1024K, 18 young (18432K), 9 survivors (9216K)
 Metaspace       used 131517K, capacity 135481K, committed 136780K, reserved 1167360K
  class space    used 16475K, capacity 17896K, committed 18252K, reserved 1048576K
}
Event: 2342.022 GC heap after
{Heap after GC invocations=73 (full 0):
 garbage-first heap   total 370688K, used 137768K [0x0000000080000000, 0x0000000100000000)
  region size 1024K, 2 young (2048K), 2 survivors (2048K)
 Metaspace       used 131517K, capacity 135481K, committed 136780K, reserved 1167360K
  class space    used 16475K, capacity 17896K, committed 18252K, reserved 1048576K
}
Event: 2342.816 GC heap before
{Heap before GC invocations=73 (full 0):
 garbage-first heap   total 370688K, used 176680K [0x0000000080000000, 0x0000000100000000)
  region size 1024K, 42 young (43008K), 2 survivors (2048K)
 Metaspace       used 132057K, capacity 136084K, committed 137036K, reserved 1167360K
  class space    used 16477K, capacity 17897K, committed 18252K, reserved 1048576K
}
Event: 2342.826 GC heap after
{Heap after GC invocations=74 (full 0):
 garbage-first heap   total 370688K, used 138945K [0x0000000080000000, 0x0000000100000000)
  region size 1024K, 4 young (4096K), 4 survivors (4096K)
 Metaspace       used 132057K, capacity 136084K, committed 137036K, reserved 1167360K
  class space    used 16477K, capacity 17897K, committed 18252K, reserved 1048576K
}
Event: 2347.179 GC heap before
{Heap before GC invocations=75 (full 0):
 garbage-first heap   total 370688K, used 368321K [0x0000000080000000, 0x0000000100000000)
  region size 1024K, 83 young (84992K), 4 survivors (4096K)
 Metaspace       used 133060K, capacity 137314K, committed 137804K, reserved 1169408K
  class space    used 16563K, capacity 18002K, committed 18252K, reserved 1048576K
}
Event: 2347.195 GC heap after
{Heap after GC invocations=76 (full 0):
 garbage-first heap   total 376832K, used 141502K [0x0000000080000000, 0x0000000100000000)
  region size 1024K, 6 young (6144K), 6 survivors (6144K)
 Metaspace       used 133060K, capacity 137314K, committed 137804K, reserved 1169408K
  class space    used 16563K, capacity 18002K, committed 18252K, reserved 1048576K
}
Event: 2471.809 GC heap before
{Heap before GC invocations=76 (full 0):
 garbage-first heap   total 376832K, used 152766K [0x0000000080000000, 0x0000000100000000)
  region size 1024K, 18 young (18432K), 6 survivors (6144K)
 Metaspace       used 133358K, capacity 137610K, committed 138060K, reserved 1169408K
  class space    used 16604K, capacity 18037K, committed 18252K, reserved 1048576K
}
Event: 2471.818 GC heap after
{Heap after GC invocations=77 (full 0):
 garbage-first heap   total 376832K, used 139115K [0x0000000080000000, 0x0000000100000000)
  region size 1024K, 2 young (2048K), 2 survivors (2048K)
 Metaspace       used 133358K, capacity 137610K, committed 138060K, reserved 1169408K
  class space    used 16604K, capacity 18037K, committed 18252K, reserved 1048576K
}
Event: 2473.941 GC heap before
{Heap before GC invocations=77 (full 0):
 garbage-first heap   total 376832K, used 210795K [0x0000000080000000, 0x0000000100000000)
  region size 1024K, 74 young (75776K), 2 survivors (2048K)
 Metaspace       used 133592K, capacity 137894K, committed 138316K, reserved 1169408K
  class space    used 16615K, capacity 18057K, committed 18252K, reserved 1048576K
}
Event: 2473.970 GC heap after
{Heap after GC invocations=78 (full 0):
 garbage-first heap   total 376832K, used 146733K [0x0000000080000000, 0x0000000100000000)
  region size 1024K, 9 young (9216K), 9 survivors (9216K)
 Metaspace       used 133592K, capacity 137894K, committed 138316K, reserved 1169408K
  class space    used 16615K, capacity 18057K, committed 18252K, reserved 1048576K
}

Deoptimization events (20 events):
Event: 2474.854 Thread 0x0000021077985800 DEOPT PACKING pc=0x000002105bbf1f74 sp=0x00000069fd6f8080
Event: 2474.854 Thread 0x0000021077985800 DEOPT UNPACKING pc=0x0000021052f078af sp=0x00000069fd6f8030 mode 2
Event: 2474.902 Thread 0x0000021077985800 Uncommon trap: trap_request=0xffffffc6 fr.pc=0x000002105bac1b38 relative=0x0000000000002418
Event: 2474.902 Thread 0x0000021077985800 Uncommon trap: reason=bimorphic_or_optimized_type_check action=maybe_recompile pc=0x000002105bac1b38 method=com.sun.tools.javac.code.Types.capture(Lcom/sun/tools/javac/code/Type;)Lcom/sun/tools/javac/code/Type; @ 108 c2
Event: 2474.902 Thread 0x0000021077985800 DEOPT PACKING pc=0x000002105bac1b38 sp=0x00000069fd6f86a0
Event: 2474.902 Thread 0x0000021077985800 DEOPT UNPACKING pc=0x0000021052f078af sp=0x00000069fd6f8690 mode 2
Event: 2475.749 Thread 0x000002106f784000 Uncommon trap: trap_request=0xffffff4d fr.pc=0x000002105aa9bfec relative=0x0000000000000c8c
Event: 2475.749 Thread 0x000002106f784000 Uncommon trap: reason=unstable_if action=reinterpret pc=0x000002105aa9bfec method=com.android.tools.r8.internal.X4.a(Lcom/android/tools/r8/internal/t4;)Z @ 18 c2
Event: 2475.749 Thread 0x000002106f784000 DEOPT PACKING pc=0x000002105aa9bfec sp=0x00000069fdffbf70
Event: 2475.749 Thread 0x000002106f784000 DEOPT UNPACKING pc=0x0000021052f078af sp=0x00000069fdffbee0 mode 2
Event: 2475.750 Thread 0x000002106f784000 Uncommon trap: trap_request=0xffffff4d fr.pc=0x000002105b02265c relative=0x0000000000003d9c
Event: 2475.750 Thread 0x000002106f784000 Uncommon trap: reason=unstable_if action=reinterpret pc=0x000002105b02265c method=com.android.tools.r8.internal.X4.a(Lcom/android/tools/r8/internal/t4;)Z @ 18 c2
Event: 2475.750 Thread 0x000002106f784000 DEOPT PACKING pc=0x000002105b02265c sp=0x00000069fdffbf60
Event: 2475.750 Thread 0x000002106f784000 DEOPT UNPACKING pc=0x0000021052f078af sp=0x00000069fdffbe58 mode 2
Event: 2475.880 Thread 0x0000021077985800 DEOPT PACKING pc=0x0000021055b66922 sp=0x00000069fd6fa140
Event: 2475.880 Thread 0x0000021077985800 DEOPT UNPACKING pc=0x0000021052f076ce sp=0x00000069fd6f9660 mode 0
Event: 2475.969 Thread 0x000002106f788000 DEOPT PACKING pc=0x0000021056074703 sp=0x00000069fe4fd2e0
Event: 2475.969 Thread 0x000002106f788000 DEOPT UNPACKING pc=0x0000021052f076ce sp=0x00000069fe4fc798 mode 0
Event: 2476.245 Thread 0x0000021077983800 DEOPT PACKING pc=0x00000210546e4530 sp=0x00000069fd3fc120
Event: 2476.245 Thread 0x0000021077983800 DEOPT UNPACKING pc=0x0000021052f076ce sp=0x00000069fd3fb640 mode 0

Classes redefined (0 events):
No events

Internal exceptions (20 events):
Event: 2475.022 Thread 0x0000021077985800 Exception <a 'sun/nio/fs/WindowsException'{0x0000000094bc3e38}> (0x0000000094bc3e38) thrown at [./src/hotspot/share/prims/jni.cpp, line 615]
Event: 2475.027 Thread 0x0000021077985800 Exception <a 'sun/nio/fs/WindowsException'{0x0000000094bca2b8}> (0x0000000094bca2b8) thrown at [./src/hotspot/share/prims/jni.cpp, line 615]
Event: 2475.031 Thread 0x0000021077985800 Exception <a 'sun/nio/fs/WindowsException'{0x0000000094bd0f58}> (0x0000000094bd0f58) thrown at [./src/hotspot/share/prims/jni.cpp, line 615]
Event: 2475.034 Thread 0x0000021077985800 Exception <a 'sun/nio/fs/WindowsException'{0x0000000094bd7ec0}> (0x0000000094bd7ec0) thrown at [./src/hotspot/share/prims/jni.cpp, line 615]
Event: 2475.046 Thread 0x0000021077985800 Exception <a 'sun/nio/fs/WindowsException'{0x0000000094a0bad0}> (0x0000000094a0bad0) thrown at [./src/hotspot/share/prims/jni.cpp, line 615]
Event: 2475.061 Thread 0x0000021077985800 Exception <a 'sun/nio/fs/WindowsException'{0x0000000094a999c8}> (0x0000000094a999c8) thrown at [./src/hotspot/share/prims/jni.cpp, line 615]
Event: 2475.061 Thread 0x0000021077985800 Exception <a 'sun/nio/fs/WindowsException'{0x0000000094a99b58}> (0x0000000094a99b58) thrown at [./src/hotspot/share/prims/jni.cpp, line 615]
Event: 2475.136 Thread 0x0000021077985800 Exception <a 'sun/nio/fs/WindowsException'{0x00000000945696d8}> (0x00000000945696d8) thrown at [./src/hotspot/share/prims/jni.cpp, line 615]
Event: 2475.136 Thread 0x0000021077985800 Exception <a 'sun/nio/fs/WindowsException'{0x0000000094569840}> (0x0000000094569840) thrown at [./src/hotspot/share/prims/jni.cpp, line 615]
Event: 2475.148 Thread 0x0000021077985800 Exception <a 'sun/nio/fs/WindowsException'{0x000000009459f178}> (0x000000009459f178) thrown at [./src/hotspot/share/prims/jni.cpp, line 615]
Event: 2475.152 Thread 0x0000021077985800 Exception <a 'sun/nio/fs/WindowsException'{0x00000000945ab950}> (0x00000000945ab950) thrown at [./src/hotspot/share/prims/jni.cpp, line 615]
Event: 2475.165 Thread 0x0000021077985800 Exception <a 'sun/nio/fs/WindowsException'{0x00000000945cddd0}> (0x00000000945cddd0) thrown at [./src/hotspot/share/prims/jni.cpp, line 615]
Event: 2475.215 Thread 0x0000021077985800 Exception <a 'sun/nio/fs/WindowsException'{0x00000000942441b8}> (0x00000000942441b8) thrown at [./src/hotspot/share/prims/jni.cpp, line 615]
Event: 2475.221 Thread 0x0000021077985800 Exception <a 'sun/nio/fs/WindowsException'{0x000000009424bd10}> (0x000000009424bd10) thrown at [./src/hotspot/share/prims/jni.cpp, line 615]
Event: 2475.225 Thread 0x0000021077985800 Exception <a 'sun/nio/fs/WindowsException'{0x0000000094257ec8}> (0x0000000094257ec8) thrown at [./src/hotspot/share/prims/jni.cpp, line 615]
Event: 2475.251 Thread 0x0000021077985800 Exception <a 'sun/nio/fs/WindowsException'{0x00000000940d3d00}> (0x00000000940d3d00) thrown at [./src/hotspot/share/prims/jni.cpp, line 615]
Event: 2475.487 Thread 0x000002106f784000 Exception <a 'sun/nio/fs/WindowsException'{0x0000000093304ac0}> (0x0000000093304ac0) thrown at [./src/hotspot/share/prims/jni.cpp, line 615]
Event: 2475.802 Thread 0x000002106f784000 Exception <a 'sun/nio/fs/WindowsException'{0x00000000931e9cf8}> (0x00000000931e9cf8) thrown at [./src/hotspot/share/prims/jni.cpp, line 615]
Event: 2475.921 Thread 0x000002106f788000 Exception <a 'sun/nio/fs/WindowsException'{0x0000000092e9aca8}> (0x0000000092e9aca8) thrown at [./src/hotspot/share/prims/jni.cpp, line 615]
Event: 2475.997 Thread 0x000002106f788000 Exception <a 'sun/nio/fs/WindowsException'{0x000000009296a0f0}> (0x000000009296a0f0) thrown at [./src/hotspot/share/prims/jni.cpp, line 615]

Events (20 events):
Event: 2476.157 Executing VM operation: RevokeBias
Event: 2476.158 Executing coalesced safepoint VM operation: RevokeBias
Event: 2476.158 Executing coalesced safepoint VM operation: RevokeBias done
Event: 2476.158 Executing VM operation: RevokeBias done
Event: 2476.158 Executing VM operation: RevokeBias
Event: 2476.158 Executing coalesced safepoint VM operation: RevokeBias
Event: 2476.159 Executing coalesced safepoint VM operation: RevokeBias done
Event: 2476.159 Executing VM operation: RevokeBias done
Event: 2476.297 Executing VM operation: RevokeBias
Event: 2476.297 Executing VM operation: RevokeBias done
Event: 2476.298 Executing VM operation: BulkRevokeBias
Event: 2476.300 Executing VM operation: BulkRevokeBias done
Event: 2476.302 Executing VM operation: RevokeBias
Event: 2476.302 Executing VM operation: RevokeBias done
Event: 2476.329 Executing VM operation: RevokeBias
Event: 2476.329 Thread 0x000002106d945000 Thread added: 0x000002106d945000
Event: 2476.330 Executing VM operation: RevokeBias done
Event: 2476.330 Executing VM operation: RevokeBias
Event: 2476.330 Executing VM operation: RevokeBias done
Event: 2476.331 Thread 0x000002106d942800 Thread added: 0x000002106d942800


Dynamic libraries:
0x00007ff67d8c0000 - 0x00007ff67d8ca000 	D:\Program Files\Android\Android Studio\jre\bin\java.exe
0x00007ffb81cd0000 - 0x00007ffb81ec5000 	C:\Windows\SYSTEM32\ntdll.dll
0x00007ffb80090000 - 0x00007ffb8014e000 	C:\Windows\System32\KERNEL32.DLL
0x00007ffb7f7c0000 - 0x00007ffb7fa88000 	C:\Windows\System32\KERNELBASE.dll
0x00007ffb7f490000 - 0x00007ffb7f590000 	C:\Windows\System32\ucrtbase.dll
0x00007ffb7b940000 - 0x00007ffb7b959000 	D:\Program Files\Android\Android Studio\jre\bin\jli.dll
0x00007ffb80150000 - 0x00007ffb802f1000 	C:\Windows\System32\USER32.dll
0x00007ffb7f6a0000 - 0x00007ffb7f6c2000 	C:\Windows\System32\win32u.dll
0x00007ffb78720000 - 0x00007ffb789ba000 	C:\Windows\WinSxS\amd64_microsoft.windows.common-controls_6595b64144ccf1df_6.0.19041.1110_none_60b5254171f9507e\COMCTL32.dll
0x00007ffb80760000 - 0x00007ffb8078b000 	C:\Windows\System32\GDI32.dll
0x00007ffb804b0000 - 0x00007ffb8054e000 	C:\Windows\System32\msvcrt.dll
0x00007ffb7f590000 - 0x00007ffb7f69b000 	C:\Windows\System32\gdi32full.dll
0x00007ffb7f3f0000 - 0x00007ffb7f48d000 	C:\Windows\System32\msvcp_win.dll
0x00007ffb4af30000 - 0x00007ffb4af47000 	D:\Program Files\Android\Android Studio\jre\bin\VCRUNTIME140.dll
0x00007ffb81030000 - 0x00007ffb81060000 	C:\Windows\System32\IMM32.DLL
0x00007ffb418c0000 - 0x00007ffb4195d000 	D:\Program Files\Android\Android Studio\jre\bin\msvcp140.dll
0x00007ffb29ce0000 - 0x00007ffb2a7af000 	D:\Program Files\Android\Android Studio\jre\bin\server\jvm.dll
0x00007ffb80c20000 - 0x00007ffb80ccc000 	C:\Windows\System32\ADVAPI32.dll
0x00007ffb80f90000 - 0x00007ffb8102b000 	C:\Windows\System32\sechost.dll
0x00007ffb81060000 - 0x00007ffb8118a000 	C:\Windows\System32\RPCRT4.dll
0x00007ffb80600000 - 0x00007ffb80608000 	C:\Windows\System32\PSAPI.DLL
0x00007ffb700d0000 - 0x00007ffb700d9000 	C:\Windows\SYSTEM32\WSOCK32.dll
0x00007ffb66220000 - 0x00007ffb66247000 	C:\Windows\SYSTEM32\WINMM.dll
0x00007ffb77ca0000 - 0x00007ffb77caa000 	C:\Windows\SYSTEM32\VERSION.dll
0x00007ffb81190000 - 0x00007ffb811fb000 	C:\Windows\System32\WS2_32.dll
0x00007ffb7cf70000 - 0x00007ffb7cf82000 	C:\Windows\SYSTEM32\kernel.appcore.dll
0x00007ffb7ade0000 - 0x00007ffb7adf1000 	D:\Program Files\Android\Android Studio\jre\bin\verify.dll
0x00007ffb7ed90000 - 0x00007ffb7ef74000 	C:\Windows\SYSTEM32\DBGHELP.DLL
0x00007ffb7e330000 - 0x00007ffb7e35c000 	C:\Windows\SYSTEM32\dbgcore.DLL
0x00007ffb7f6d0000 - 0x00007ffb7f753000 	C:\Windows\System32\bcryptPrimitives.dll
0x00007ffb55b20000 - 0x00007ffb55b49000 	D:\Program Files\Android\Android Studio\jre\bin\java.dll
0x00007ffb7c930000 - 0x00007ffb7c93b000 	D:\Program Files\Android\Android Studio\jre\bin\jimage.dll
0x00007ffb5b410000 - 0x00007ffb5b428000 	D:\Program Files\Android\Android Studio\jre\bin\zip.dll
0x00007ffb81200000 - 0x00007ffb8193f000 	C:\Windows\System32\SHELL32.dll
0x00007ffb7d170000 - 0x00007ffb7d900000 	C:\Windows\SYSTEM32\windows.storage.dll
0x00007ffb7fd30000 - 0x00007ffb80085000 	C:\Windows\System32\combase.dll
0x00007ffb7ea40000 - 0x00007ffb7ea6e000 	C:\Windows\SYSTEM32\Wldp.dll
0x00007ffb80610000 - 0x00007ffb806bd000 	C:\Windows\System32\SHCORE.dll
0x00007ffb80e60000 - 0x00007ffb80eb5000 	C:\Windows\System32\shlwapi.dll
0x00007ffb7f330000 - 0x00007ffb7f34f000 	C:\Windows\SYSTEM32\profapi.dll
0x00007ffb55840000 - 0x00007ffb5585a000 	D:\Program Files\Android\Android Studio\jre\bin\net.dll
0x00007ffb6fa30000 - 0x00007ffb6fb3c000 	C:\Windows\SYSTEM32\WINHTTP.dll
0x00007ffb7e7c0000 - 0x00007ffb7e82a000 	C:\Windows\system32\mswsock.dll
0x00007ffb55820000 - 0x00007ffb55834000 	D:\Program Files\Android\Android Studio\jre\bin\nio.dll
0x00007ffb4af50000 - 0x00007ffb4af77000 	C:\Users\phamv\.gradle\native\8bec1ad78214c89d9ad589b4d07fe93259594b29d510b10fafb7a158f7737e5d\windows-amd64\native-platform.dll
0x00007ffb412c0000 - 0x00007ffb413fd000 	C:\Users\phamv\.gradle\native\53dbd7edfb1c66fb8903c78663c9afc45aea4f116125fa6feffd364cf09443e8\windows-amd64\native-platform-file-events.dll
0x00007ffb7c720000 - 0x00007ffb7c72a000 	D:\Program Files\Android\Android Studio\jre\bin\management.dll
0x00007ffb7c320000 - 0x00007ffb7c32c000 	D:\Program Files\Android\Android Studio\jre\bin\management_ext.dll
0x00007ffb7f170000 - 0x00007ffb7f188000 	C:\Windows\SYSTEM32\CRYPTSP.dll
0x00007ffb7e0f0000 - 0x00007ffb7e124000 	C:\Windows\system32\rsaenh.dll
0x00007ffb7fca0000 - 0x00007ffb7fcc7000 	C:\Windows\System32\bcrypt.dll
0x00007ffb7f2b0000 - 0x00007ffb7f2de000 	C:\Windows\SYSTEM32\USERENV.dll
0x00007ffb7e9b0000 - 0x00007ffb7e9bc000 	C:\Windows\SYSTEM32\CRYPTBASE.dll
0x00007ffb7e4b0000 - 0x00007ffb7e4eb000 	C:\Windows\SYSTEM32\IPHLPAPI.DLL
0x00007ffb7fd20000 - 0x00007ffb7fd28000 	C:\Windows\System32\NSI.dll
0x00007ffb75e50000 - 0x00007ffb75e67000 	C:\Windows\SYSTEM32\dhcpcsvc6.DLL
0x00007ffb75e30000 - 0x00007ffb75e4d000 	C:\Windows\SYSTEM32\dhcpcsvc.DLL
0x00007ffb7e4f0000 - 0x00007ffb7e5bb000 	C:\Windows\SYSTEM32\DNSAPI.dll

dbghelp: loaded successfully - version: 4.0.5 - missing functions: none
symbol engine: initialized successfully - sym options: 0x614 - pdb path: .;D:\Program Files\Android\Android Studio\jre\bin;C:\Windows\SYSTEM32;C:\Windows\WinSxS\amd64_microsoft.windows.common-controls_6595b64144ccf1df_6.0.19041.1110_none_60b5254171f9507e;D:\Program Files\Android\Android Studio\jre\bin\server;C:\Users\phamv\.gradle\native\8bec1ad78214c89d9ad589b4d07fe93259594b29d510b10fafb7a158f7737e5d\windows-amd64;C:\Users\phamv\.gradle\native\53dbd7edfb1c66fb8903c78663c9afc45aea4f116125fa6feffd364cf09443e8\windows-amd64

VM Arguments:
jvm_args: --add-opens=java.base/java.util=ALL-UNNAMED --add-opens=java.base/java.lang=ALL-UNNAMED --add-opens=java.base/java.lang.invoke=ALL-UNNAMED --add-opens=java.base/java.util=ALL-UNNAMED --add-opens=java.prefs/java.util.prefs=ALL-UNNAMED --add-opens=java.prefs/java.util.prefs=ALL-UNNAMED --add-opens=java.base/java.nio.charset=ALL-UNNAMED --add-opens=java.base/java.net=ALL-UNNAMED --add-opens=java.base/java.util.concurrent.atomic=ALL-UNNAMED -Xmx2048m -Dfile.encoding=UTF-8 -Duser.country=US -Duser.language=en -Duser.variant 
java_command: org.gradle.launcher.daemon.bootstrap.GradleDaemon 7.0.2
java_class_path (initial): C:\Users\phamv\.gradle\wrapper\dists\gradle-7.0.2-bin\857tjihv64xamwrf0h14cai3r\gradle-7.0.2\lib\gradle-launcher-7.0.2.jar
Launcher Type: SUN_STANDARD

[Global flags]
     intx CICompilerCount                          = 4                                         {product} {ergonomic}
     uint ConcGCThreads                            = 2                                         {product} {ergonomic}
     uint G1ConcRefinementThreads                  = 8                                         {product} {ergonomic}
   size_t G1HeapRegionSize                         = 1048576                                   {product} {ergonomic}
    uintx GCDrainStackTargetSize                   = 64                                        {product} {ergonomic}
   size_t InitialHeapSize                          = 201326592                                 {product} {ergonomic}
   size_t MarkStackSize                            = 4194304                                   {product} {ergonomic}
   size_t MaxHeapSize                              = 2147483648                                {product} {command line}
   size_t MaxNewSize                               = 1287651328                                {product} {ergonomic}
   size_t MinHeapDeltaBytes                        = 1048576                                   {product} {ergonomic}
    uintx NonNMethodCodeHeapSize                   = 5836300                                {pd product} {ergonomic}
    uintx NonProfiledCodeHeapSize                  = 122910970                              {pd product} {ergonomic}
    uintx ProfiledCodeHeapSize                     = 122910970                              {pd product} {ergonomic}
    uintx ReservedCodeCacheSize                    = 251658240                              {pd product} {ergonomic}
     bool SegmentedCodeCache                       = true                                      {product} {ergonomic}
     bool UseCompressedClassPointers               = true                                 {lp64_product} {ergonomic}
     bool UseCompressedOops                        = true                                 {lp64_product} {ergonomic}
     bool UseG1GC                                  = true                                      {product} {ergonomic}
     bool UseLargePagesIndividualAllocation        = false                                  {pd product} {ergonomic}

Logging:
Log output configuration:
 #0: stdout all=warning uptime,level,tags
 #1: stderr all=off uptime,level,tags

Environment Variables:
JAVA_HOME=C:\Program Files\Java\jdk-17.0.1
PATH=C:\Program Files\Common Files\Oracle\Java\javapath;D:\Program Files (x86)\VMware\VMware Workstation\bin\;C:\Windows\system32;C:\Windows;C:\Windows\System32\Wbem;C:\Windows\System32\WindowsPowerShell\v1.0\;C:\Windows\System32\OpenSSH\;D:\MinGW\bin;D:\Program Files\Git\cmd;D:\Program Files (x86)\GnuWin32\bin;C:\Program Files (x86)\STMicroelectronics\STM32 ST-LINK Utility\ST-LINK Utility;C:\ProgramData\chocolatey\bin;C:\Program Files\nodejs\;C:\Program Files\OpenJDK\openjdk-8u292-b10\bin;C:\Users\phamv\AppData\Local\Android\Sdk\platform-tools;D:\Program Files\Microchip\xc8\v2.32\bin;D:\Users\phamv\AppData\Local\Android\Sdk\platform-tools;;C:\Program Files\NVIDIA Corporation\NVIDIA NvDLISR;C:\Program Files (x86)\NVIDIA Corporation\PhysX\Common;D:\Program Files (x86)\GNU Arm Embedded Toolchain\10 2020-q4-major\bin;C:\Users\phamv\AppData\Local\Programs\Python\Python39\Scripts\;C:\Users\phamv\AppData\Local\Programs\Python\Python39\;C:\Users\phamv\AppData\Local\Microsoft\WindowsApps;D:\Users\phamv\AppData\Local\Programs\Microsoft VS Code\bin;D:\Program Files\JetBrains\PyCharm Community Edition 2021.1.2\bin;;C:\Users\phamv\AppData\Roaming\npm;D:\altera\13.0\modelsim_ase\win32aloem;D:\Program Files\JetBrains\IntelliJ IDEA Community Edition 2021.2.2\bin;
USERNAME=phamv
OS=Windows_NT
PROCESSOR_IDENTIFIER=Intel64 Family 6 Model 142 Stepping 10, GenuineIntel



---------------  S Y S T E M  ---------------

OS: Windows 10 , 64 bit Build 19041 (10.0.19041.1348)
OS uptime: 18 days 18:45 hours

CPU:total 8 (initial active 8) (4 cores per cpu, 2 threads per core) family 6 model 142 stepping 10 microcode 0xb4, cmov, cx8, fxsr, mmx, sse, sse2, sse3, ssse3, sse4.1, sse4.2, popcnt, avx, avx2, aes, clmul, erms, 3dnowpref, lzcnt, ht, tsc, tscinvbit, bmi1, bmi2, adx, fma

Memory: 4k page, system-wide physical 12174M (1477M free)
TotalPageFile size 22558M (AvailPageFile size 669M)
current process WorkingSet (physical memory assigned to process): 756M, peak: 758M
current process commit charge ("private bytes"): 841M, peak: 844M

vm_info: OpenJDK 64-Bit Server VM (11.0.10+0-b96-7249189) for windows-amd64 JRE (11.0.10+0-b96-7249189), built on Mar 31 2021 21:44:00 by "builder" with MS VC++ 14.0 (VS2015)

END.
